{"C:\\Projects\\FOLIO\\Module federation\\module-fed-folio\\stripes-webpack\\webpack\\esbuild-loader-rule.js":{"path":"C:\\Projects\\FOLIO\\Module federation\\module-fed-folio\\stripes-webpack\\webpack\\esbuild-loader-rule.js","statementMap":{"0":{"start":{"line":1,"column":13},"end":{"line":1,"column":28}},"1":{"start":{"line":2,"column":21},"end":{"line":2,"column":47}},"2":{"start":{"line":6,"column":4},"end":{"line":6,"column":29}},"3":{"start":{"line":10,"column":23},"end":{"line":10,"column":136}},"4":{"start":{"line":13,"column":21},"end":{"line":13,"column":76}},"5":{"start":{"line":13,"column":31},"end":{"line":13,"column":76}},"6":{"start":{"line":14,"column":21},"end":{"line":14,"column":42}},"7":{"start":{"line":15,"column":25},"end":{"line":15,"column":39}},"8":{"start":{"line":16,"column":0},"end":{"line":96,"column":2}},"9":{"start":{"line":17,"column":29},"end":{"line":17,"column":65}},"10":{"start":{"line":18,"column":28},"end":{"line":18,"column":61}},"11":{"start":{"line":21,"column":2},"end":{"line":25,"column":3}},"12":{"start":{"line":22,"column":4},"end":{"line":22,"column":78}},"13":{"start":{"line":23,"column":4},"end":{"line":23,"column":46}},"14":{"start":{"line":24,"column":4},"end":{"line":24,"column":59}},"15":{"start":{"line":24,"column":43},"end":{"line":24,"column":57}},"16":{"start":{"line":26,"column":2},"end":{"line":30,"column":3}},"17":{"start":{"line":27,"column":4},"end":{"line":27,"column":77}},"18":{"start":{"line":28,"column":4},"end":{"line":28,"column":44}},"19":{"start":{"line":29,"column":4},"end":{"line":29,"column":51}},"20":{"start":{"line":29,"column":35},"end":{"line":29,"column":49}},"21":{"start":{"line":31,"column":26},"end":{"line":31,"column":61}},"22":{"start":{"line":37,"column":28},"end":{"line":37,"column":84}},"23":{"start":{"line":38,"column":33},"end":{"line":70,"column":3}},"24":{"start":{"line":40,"column":4},"end":{"line":42,"column":5}},"25":{"start":{"line":41,"column":6},"end":{"line":41,"column":19}},"26":{"start":{"line":45,"column":4},"end":{"line":47,"column":5}},"27":{"start":{"line":46,"column":6},"end":{"line":46,"column":18}},"28":{"start":{"line":50,"column":4},"end":{"line":52,"column":5}},"29":{"start":{"line":51,"column":6},"end":{"line":51,"column":18}},"30":{"start":{"line":55,"column":4},"end":{"line":57,"column":5}},"31":{"start":{"line":56,"column":6},"end":{"line":56,"column":19}},"32":{"start":{"line":61,"column":4},"end":{"line":63,"column":5}},"33":{"start":{"line":62,"column":6},"end":{"line":62,"column":18}},"34":{"start":{"line":66,"column":4},"end":{"line":68,"column":5}},"35":{"start":{"line":67,"column":6},"end":{"line":67,"column":19}},"36":{"start":{"line":69,"column":4},"end":{"line":69,"column":16}},"37":{"start":{"line":71,"column":2},"end":{"line":95,"column":4}},"38":{"start":{"line":78,"column":24},"end":{"line":78,"column":53}}},"fnMap":{"0":{"name":"(anonymous_0)","decl":{"start":{"line":13,"column":21},"end":{"line":13,"column":22}},"loc":{"start":{"line":13,"column":31},"end":{"line":13,"column":76}},"line":13},"1":{"name":"(anonymous_1)","decl":{"start":{"line":16,"column":17},"end":{"line":16,"column":18}},"loc":{"start":{"line":16,"column":32},"end":{"line":96,"column":1}},"line":16},"2":{"name":"(anonymous_2)","decl":{"start":{"line":24,"column":38},"end":{"line":24,"column":39}},"loc":{"start":{"line":24,"column":43},"end":{"line":24,"column":57}},"line":24},"3":{"name":"(anonymous_3)","decl":{"start":{"line":29,"column":30},"end":{"line":29,"column":31}},"loc":{"start":{"line":29,"column":35},"end":{"line":29,"column":49}},"line":29},"4":{"name":"(anonymous_4)","decl":{"start":{"line":38,"column":33},"end":{"line":38,"column":34}},"loc":{"start":{"line":38,"column":47},"end":{"line":70,"column":3}},"line":38},"5":{"name":"(anonymous_5)","decl":{"start":{"line":78,"column":12},"end":{"line":78,"column":13}},"loc":{"start":{"line":78,"column":24},"end":{"line":78,"column":53}},"line":78}},"branchMap":{"0":{"loc":{"start":{"line":10,"column":23},"end":{"line":10,"column":136}},"type":"cond-expr","locations":[{"start":{"line":10,"column":62},"end":{"line":10,"column":131}},{"start":{"line":10,"column":134},"end":{"line":10,"column":136}}],"line":10},"1":{"loc":{"start":{"line":21,"column":2},"end":{"line":25,"column":3}},"type":"if","locations":[{"start":{"line":21,"column":2},"end":{"line":25,"column":3}},{"start":{},"end":{}}],"line":21},"2":{"loc":{"start":{"line":26,"column":2},"end":{"line":30,"column":3}},"type":"if","locations":[{"start":{"line":26,"column":2},"end":{"line":30,"column":3}},{"start":{},"end":{}}],"line":26},"3":{"loc":{"start":{"line":40,"column":4},"end":{"line":42,"column":5}},"type":"if","locations":[{"start":{"line":40,"column":4},"end":{"line":42,"column":5}},{"start":{},"end":{}}],"line":40},"4":{"loc":{"start":{"line":45,"column":4},"end":{"line":47,"column":5}},"type":"if","locations":[{"start":{"line":45,"column":4},"end":{"line":47,"column":5}},{"start":{},"end":{}}],"line":45},"5":{"loc":{"start":{"line":45,"column":8},"end":{"line":45,"column":53}},"type":"binary-expr","locations":[{"start":{"line":45,"column":8},"end":{"line":45,"column":20}},{"start":{"line":45,"column":24},"end":{"line":45,"column":53}}],"line":45},"6":{"loc":{"start":{"line":50,"column":4},"end":{"line":52,"column":5}},"type":"if","locations":[{"start":{"line":50,"column":4},"end":{"line":52,"column":5}},{"start":{},"end":{}}],"line":50},"7":{"loc":{"start":{"line":50,"column":8},"end":{"line":50,"column":57}},"type":"binary-expr","locations":[{"start":{"line":50,"column":8},"end":{"line":50,"column":22}},{"start":{"line":50,"column":26},"end":{"line":50,"column":57}}],"line":50},"8":{"loc":{"start":{"line":55,"column":4},"end":{"line":57,"column":5}},"type":"if","locations":[{"start":{"line":55,"column":4},"end":{"line":57,"column":5}},{"start":{},"end":{}}],"line":55},"9":{"loc":{"start":{"line":55,"column":8},"end":{"line":55,"column":53}},"type":"binary-expr","locations":[{"start":{"line":55,"column":8},"end":{"line":55,"column":20}},{"start":{"line":55,"column":24},"end":{"line":55,"column":53}}],"line":55},"10":{"loc":{"start":{"line":61,"column":4},"end":{"line":63,"column":5}},"type":"if","locations":[{"start":{"line":61,"column":4},"end":{"line":63,"column":5}},{"start":{},"end":{}}],"line":61},"11":{"loc":{"start":{"line":66,"column":4},"end":{"line":68,"column":5}},"type":"if","locations":[{"start":{"line":66,"column":4},"end":{"line":68,"column":5}},{"start":{},"end":{}}],"line":66}},"s":{"0":1,"1":1,"2":1,"3":1,"4":1,"5":12,"6":1,"7":1,"8":1,"9":4,"10":4,"11":4,"12":4,"13":4,"14":4,"15":8,"16":4,"17":0,"18":0,"19":0,"20":0,"21":4,"22":4,"23":4,"24":3,"25":0,"26":3,"27":1,"28":2,"29":0,"30":2,"31":0,"32":2,"33":0,"34":2,"35":1,"36":1,"37":4,"38":0},"f":{"0":12,"1":4,"2":8,"3":0,"4":3,"5":0},"b":{"0":[0,1],"1":[4,0],"2":[0,4],"3":[0,3],"4":[1,2],"5":[3,3],"6":[0,2],"7":[2,0],"8":[0,2],"9":[2,0],"10":[0,2],"11":[1,1]},"inputSourceMap":{"version":3,"names":["path","require","babelOptions","getNonTranspiledModules","getTranspiledModules","extraTranspile","process","env","STRIPES_TRANSPILE_TOKENS","RegExp","replaceAll","escapeRegExp","string","replace","bigTestRegex","nodeModulesRegex","module","exports","modulePaths","modulesToTranspile","transpiledModules","includeRegex","excludeRegex","length","map","join","console","info","sort","forEach","m","log","folioModulePath","folioModulesRegex","shouldModuleBeIncluded","modulePath","test","include","oneOf","filePath","match","use","loader","options","jsx","cacheDirectory"],"sourceRoot":"C:\\Projects\\FOLIO\\Module federation\\module-fed-folio\\stripes-webpack\\webpack\\","sources":["esbuild-loader-rule.js"],"sourcesContent":["const path = require('path');\r\n\r\nconst babelOptions = require('./babel-options');\r\nconst {\r\n  getNonTranspiledModules,\r\n  getTranspiledModules,\r\n} = require('./module-paths');\r\n\r\n// a space delimited list of strings (typically namespaces) to use in addition\r\n// to \"@folio\" to determine if something needs Stripes-flavoured transpilation\r\nconst extraTranspile = process.env.STRIPES_TRANSPILE_TOKENS ? new RegExp(process.env.STRIPES_TRANSPILE_TOKENS.replaceAll(' ', '|')) : '';\r\n\r\n// https://stackoverflow.com/questions/3446170/escape-string-for-use-in-javascript-regex/6969486#6969486\r\nconst escapeRegExp = string => string.replace(/[.*+?^${}()|[\\]\\\\]/g, '\\\\$&');\r\n\r\nconst bigTestRegex = /bigtest|interactor/i;\r\nconst nodeModulesRegex = /node_modules/;\r\n\r\nmodule.exports = (modulePaths) => {\r\n  const modulesToTranspile = getNonTranspiledModules(modulePaths);\r\n  const transpiledModules = getTranspiledModules(modulePaths);\r\n  let includeRegex;\r\n  let excludeRegex;\r\n\r\n  if (modulesToTranspile.length) {\r\n    includeRegex = new RegExp(modulesToTranspile.map(escapeRegExp).join('|'));\r\n    console.info('\\nmodules to transpile:\\n');\r\n    modulesToTranspile.sort().forEach(m => console.log(m));\r\n  }\r\n\r\n  if (transpiledModules.length) {\r\n    excludeRegex = new RegExp(transpiledModules.map(escapeRegExp).join('|'))\r\n    console.info('\\ntranspiled modules:\\n');\r\n    transpiledModules.forEach(m => console.log(m));\r\n  }\r\n\r\n  const folioModulePath = path.join('node_modules', '@folio');\r\n  // A negative lookahead regex to find @folio modules present in node_modules\r\n  // which are still not transpiled ('dist' folder is not present).\r\n  // This currently happens when folio module is not listed in stripes config\r\n  // or under stripes.stripesDeps and another folio module includes it as a dependency.\r\n  // TODO: remove this after all modules are transpiled\r\n  const folioModulesRegex = new RegExp(`${escapeRegExp(folioModulePath)}(?!.*dist)`);\r\n\r\n  const shouldModuleBeIncluded = (modulePath) => {\r\n    // exclude empty modules\r\n    if (!modulePath) {\r\n      return false;\r\n    }\r\n\r\n    // regex which represents modules which should be included for transpilation\r\n    if (includeRegex && includeRegex.test(modulePath)) {\r\n      return true;\r\n    }\r\n\r\n    // include STRIPES_TRANSPILE_TOKENS in transpilation\r\n    if (extraTranspile && extraTranspile.test(modulePath)) {\r\n      return true;\r\n    }\r\n\r\n    // regex which represents modules which should be excluded from transpilation\r\n    if (excludeRegex && excludeRegex.test(modulePath)) {\r\n      return false;\r\n    }\r\n\r\n    // if untranspiled @folio module is present in node_modules\r\n    // just transpile it\r\n    if (folioModulesRegex.test(modulePath)) {\r\n      return true;\r\n    }\r\n\r\n    // skip everything from node_modules\r\n    if (nodeModulesRegex.test(modulePath)) {\r\n      return false;\r\n    }\r\n\r\n    return true;\r\n  }\r\n\r\n  return {\r\n    test: /\\.js$/,\r\n    include: shouldModuleBeIncluded,\r\n    oneOf: [\r\n      {\r\n        // handle all bigtest files and interactor files via babel\r\n        // due to a decorator format issue.\r\n        // https://issues.folio.org/browse/STRWEB-78\r\n        test: filePath => !filePath.match(bigTestRegex),\r\n        use: [\r\n          {\r\n            loader: 'esbuild-loader',\r\n            options: {\r\n              loader: 'tsx',\r\n              jsx: 'automatic',\r\n            },\r\n          },\r\n        ],\r\n      },\r\n      {\r\n        use: [\r\n          {\r\n            loader: 'babel-loader',\r\n            options: {\r\n              cacheDirectory: true,\r\n              ...babelOptions,\r\n            },\r\n          },\r\n        ],\r\n      },\r\n   ],\r\n  };\r\n};\r\n"],"mappings":"AAAA,MAAMA,IAAI,GAAGC,OAAO,CAAC,MAAM,CAAC;AAE5B,MAAMC,YAAY,GAAGD,OAAO,CAAC,iBAAiB,CAAC;AAC/C,MAAM;EACJE,uBAAuB;EACvBC;AACF,CAAC,GAAGH,OAAO,CAAC,gBAAgB,CAAC;;AAE7B;AACA;AACA,MAAMI,cAAc,GAAGC,OAAO,CAACC,GAAG,CAACC,wBAAwB,GAAG,IAAIC,MAAM,CAACH,OAAO,CAACC,GAAG,CAACC,wBAAwB,CAACE,UAAU,CAAC,GAAG,EAAE,GAAG,CAAC,CAAC,GAAG,EAAE;;AAExI;AACA,MAAMC,YAAY,GAAGC,MAAM,IAAIA,MAAM,CAACC,OAAO,CAAC,qBAAqB,EAAE,MAAM,CAAC;AAE5E,MAAMC,YAAY,GAAG,qBAAqB;AAC1C,MAAMC,gBAAgB,GAAG,cAAc;AAEvCC,MAAM,CAACC,OAAO,GAAIC,WAAW,IAAK;EAChC,MAAMC,kBAAkB,GAAGhB,uBAAuB,CAACe,WAAW,CAAC;EAC/D,MAAME,iBAAiB,GAAGhB,oBAAoB,CAACc,WAAW,CAAC;EAC3D,IAAIG,YAAY;EAChB,IAAIC,YAAY;EAEhB,IAAIH,kBAAkB,CAACI,MAAM,EAAE;IAC7BF,YAAY,GAAG,IAAIZ,MAAM,CAACU,kBAAkB,CAACK,GAAG,CAACb,YAAY,CAAC,CAACc,IAAI,CAAC,GAAG,CAAC,CAAC;IACzEC,OAAO,CAACC,IAAI,CAAC,2BAA2B,CAAC;IACzCR,kBAAkB,CAACS,IAAI,CAAC,CAAC,CAACC,OAAO,CAACC,CAAC,IAAIJ,OAAO,CAACK,GAAG,CAACD,CAAC,CAAC,CAAC;EACxD;EAEA,IAAIV,iBAAiB,CAACG,MAAM,EAAE;IAC5BD,YAAY,GAAG,IAAIb,MAAM,CAACW,iBAAiB,CAACI,GAAG,CAACb,YAAY,CAAC,CAACc,IAAI,CAAC,GAAG,CAAC,CAAC;IACxEC,OAAO,CAACC,IAAI,CAAC,yBAAyB,CAAC;IACvCP,iBAAiB,CAACS,OAAO,CAACC,CAAC,IAAIJ,OAAO,CAACK,GAAG,CAACD,CAAC,CAAC,CAAC;EAChD;EAEA,MAAME,eAAe,GAAGhC,IAAI,CAACyB,IAAI,CAAC,cAAc,EAAE,QAAQ,CAAC;EAC3D;EACA;EACA;EACA;EACA;EACA,MAAMQ,iBAAiB,GAAG,IAAIxB,MAAM,CAAC,GAAGE,YAAY,CAACqB,eAAe,CAAC,YAAY,CAAC;EAElF,MAAME,sBAAsB,GAAIC,UAAU,IAAK;IAC7C;IACA,IAAI,CAACA,UAAU,EAAE;MACf,OAAO,KAAK;IACd;;IAEA;IACA,IAAId,YAAY,IAAIA,YAAY,CAACe,IAAI,CAACD,UAAU,CAAC,EAAE;MACjD,OAAO,IAAI;IACb;;IAEA;IACA,IAAI9B,cAAc,IAAIA,cAAc,CAAC+B,IAAI,CAACD,UAAU,CAAC,EAAE;MACrD,OAAO,IAAI;IACb;;IAEA;IACA,IAAIb,YAAY,IAAIA,YAAY,CAACc,IAAI,CAACD,UAAU,CAAC,EAAE;MACjD,OAAO,KAAK;IACd;;IAEA;IACA;IACA,IAAIF,iBAAiB,CAACG,IAAI,CAACD,UAAU,CAAC,EAAE;MACtC,OAAO,IAAI;IACb;;IAEA;IACA,IAAIpB,gBAAgB,CAACqB,IAAI,CAACD,UAAU,CAAC,EAAE;MACrC,OAAO,KAAK;IACd;IAEA,OAAO,IAAI;EACb,CAAC;EAED,OAAO;IACLC,IAAI,EAAE,OAAO;IACbC,OAAO,EAAEH,sBAAsB;IAC/BI,KAAK,EAAE,CACL;MACE;MACA;MACA;MACAF,IAAI,EAAEG,QAAQ,IAAI,CAACA,QAAQ,CAACC,KAAK,CAAC1B,YAAY,CAAC;MAC/C2B,GAAG,EAAE,CACH;QACEC,MAAM,EAAE,gBAAgB;QACxBC,OAAO,EAAE;UACPD,MAAM,EAAE,KAAK;UACbE,GAAG,EAAE;QACP;MACF,CAAC;IAEL,CAAC,EACD;MACEH,GAAG,EAAE,CACH;QACEC,MAAM,EAAE,cAAc;QACtBC,OAAO,EAAE;UACPE,cAAc,EAAE,IAAI;UACpB,GAAG3C;QACL;MACF,CAAC;IAEL,CAAC;EAEL,CAAC;AACH,CAAC","ignoreList":[]},"_coverageSchema":"1a1c01bbd47fc00a2c39e90264f33305004495a9","hash":"9f0094863e1a1abba356e94a7e70b10bedb93cce","contentHash":"6b2380f767621efe333f9af4e8412046aa7a1682abcfda5d9c579e53834c0759"},"C:\\Projects\\FOLIO\\Module federation\\module-fed-folio\\stripes-webpack\\webpack\\babel-options.js":{"path":"C:\\Projects\\FOLIO\\Module federation\\module-fed-folio\\stripes-webpack\\webpack\\babel-options.js","statementMap":{"0":{"start":{"line":1,"column":14},"end":{"line":1,"column":32}},"1":{"start":{"line":2,"column":0},"end":{"line":28,"column":2}}},"fnMap":{},"branchMap":{"0":{"loc":{"start":{"line":27,"column":220},"end":{"line":27,"column":281}},"type":"binary-expr","locations":[{"start":{"line":27,"column":220},"end":{"line":27,"column":239}},{"start":{"line":27,"column":243},"end":{"line":27,"column":281}}],"line":27}},"s":{"0":1,"1":1},"f":{},"b":{"0":[1,0]},"inputSourceMap":{"version":3,"names":["utils","require","module","exports","presets","targets","all","plugins","isDevelopment","resolve","filter","Boolean"],"sourceRoot":"C:\\Projects\\FOLIO\\Module federation\\module-fed-folio\\stripes-webpack\\webpack\\","sources":["babel-options.js"],"sourcesContent":["const utils = require('./utils');\r\n\r\nmodule.exports = {\r\n  presets: [\r\n    ['@babel/preset-env', { targets: '> 0.25%, not dead' }],\r\n    ['@babel/preset-flow', { all: true }],\r\n    ['@babel/preset-react', {\r\n      \"runtime\": \"automatic\"\r\n    }],\r\n    ['@babel/preset-typescript'],\r\n  ],\r\n  plugins: [\r\n    ['@babel/plugin-proposal-decorators', { 'legacy': true }],\r\n    // when building a platform directly, i.e. outside a workspace,\r\n    // babel complains loudly and repeatedly that when these modules are enabled:\r\n    // * @babel/plugin-proposal-class-properties,\r\n    // * @babel/plugin-proposal-private-methods and\r\n    // * @babel/plugin-proposal-private-property-in-object\r\n    // the \"loose\" option must be the same for all three.\r\n    // but @babel/preset-env sets it to false for ...private-methods.\r\n    // overriding it here silences the complaint. STRWEB-12\r\n    ['@babel/plugin-transform-class-properties', { 'loose': true }],\r\n    ['@babel/plugin-transform-private-methods', { 'loose': true }],\r\n    ['@babel/plugin-transform-private-property-in-object', { 'loose': true }],\r\n    '@babel/plugin-transform-export-namespace-from',\r\n    '@babel/plugin-proposal-function-sent',\r\n    '@babel/plugin-transform-numeric-separator',\r\n    '@babel/plugin-proposal-throw-expressions',\r\n    '@babel/plugin-syntax-import-meta',\r\n    utils.isDevelopment && require.resolve('react-refresh/babel'),\r\n\r\n  ].filter(Boolean),\r\n};\r\n"],"mappings":"AAAA,MAAMA,KAAK,GAAGC,OAAO,CAAC,SAAS,CAAC;AAEhCC,MAAM,CAACC,OAAO,GAAG;EACfC,OAAO,EAAE,CACP,CAAC,mBAAmB,EAAE;IAAEC,OAAO,EAAE;EAAoB,CAAC,CAAC,EACvD,CAAC,oBAAoB,EAAE;IAAEC,GAAG,EAAE;EAAK,CAAC,CAAC,EACrC,CAAC,qBAAqB,EAAE;IACtB,SAAS,EAAE;EACb,CAAC,CAAC,EACF,CAAC,0BAA0B,CAAC,CAC7B;EACDC,OAAO,EAAE,CACP,CAAC,mCAAmC,EAAE;IAAE,QAAQ,EAAE;EAAK,CAAC,CAAC;EACzD;EACA;EACA;EACA;EACA;EACA;EACA;EACA;EACA,CAAC,0CAA0C,EAAE;IAAE,OAAO,EAAE;EAAK,CAAC,CAAC,EAC/D,CAAC,yCAAyC,EAAE;IAAE,OAAO,EAAE;EAAK,CAAC,CAAC,EAC9D,CAAC,oDAAoD,EAAE;IAAE,OAAO,EAAE;EAAK,CAAC,CAAC,EACzE,+CAA+C,EAC/C,sCAAsC,EACtC,2CAA2C,EAC3C,0CAA0C,EAC1C,kCAAkC,EAClCP,KAAK,CAACQ,aAAa,IAAIP,OAAO,CAACQ,OAAO,CAAC,qBAAqB,CAAC,CAE9D,CAACC,MAAM,CAACC,OAAO;AAClB,CAAC","ignoreList":[]},"_coverageSchema":"1a1c01bbd47fc00a2c39e90264f33305004495a9","hash":"a538afb202f9a0818d12e27914313ec14b2f1406","contentHash":"e46d728447b30978affa79ec53baf71896c5c8af0b051bb496470b04a95f08af"},"C:\\Projects\\FOLIO\\Module federation\\module-fed-folio\\stripes-webpack\\webpack\\utils.js":{"path":"C:\\Projects\\FOLIO\\Module federation\\module-fed-folio\\stripes-webpack\\webpack\\utils.js","statementMap":{"0":{"start":{"line":1,"column":22},"end":{"line":1,"column":60}},"1":{"start":{"line":2,"column":21},"end":{"line":2,"column":58}},"2":{"start":{"line":12,"column":25},"end":{"line":23,"column":1}},"3":{"start":{"line":13,"column":2},"end":{"line":22,"column":9}},"4":{"start":{"line":14,"column":4},"end":{"line":20,"column":6}},"5":{"start":{"line":21,"column":4},"end":{"line":21,"column":15}},"6":{"start":{"line":31,"column":22},"end":{"line":39,"column":1}},"7":{"start":{"line":32,"column":2},"end":{"line":38,"column":9}},"8":{"start":{"line":33,"column":4},"end":{"line":36,"column":6}},"9":{"start":{"line":37,"column":4},"end":{"line":37,"column":15}},"10":{"start":{"line":40,"column":0},"end":{"line":45,"column":2}}},"fnMap":{"0":{"name":"(anonymous_0)","decl":{"start":{"line":12,"column":25},"end":{"line":12,"column":26}},"loc":{"start":{"line":12,"column":37},"end":{"line":23,"column":1}},"line":12},"1":{"name":"(anonymous_1)","decl":{"start":{"line":13,"column":38},"end":{"line":13,"column":39}},"loc":{"start":{"line":13,"column":53},"end":{"line":22,"column":3}},"line":13},"2":{"name":"(anonymous_2)","decl":{"start":{"line":31,"column":22},"end":{"line":31,"column":23}},"loc":{"start":{"line":31,"column":48},"end":{"line":39,"column":1}},"line":31},"3":{"name":"(anonymous_3)","decl":{"start":{"line":32,"column":36},"end":{"line":32,"column":37}},"loc":{"start":{"line":32,"column":51},"end":{"line":38,"column":3}},"line":32}},"branchMap":{"0":{"loc":{"start":{"line":31,"column":31},"end":{"line":31,"column":43}},"type":"default-arg","locations":[{"start":{"line":31,"column":41},"end":{"line":31,"column":43}}],"line":31}},"s":{"0":1,"1":1,"2":1,"3":0,"4":0,"5":0,"6":1,"7":0,"8":0,"9":0,"10":1},"f":{"0":0,"1":0,"2":0,"3":0},"b":{"0":[0]},"inputSourceMap":{"version":3,"names":["isDevelopment","process","env","NODE_ENV","isProduction","processExternals","peerDeps","Object","keys","reduce","acc","name","root","commonjs2","commonjs","amd","umd","processShared","shared","options","requiredVersion","module","exports"],"sourceRoot":"C:\\Projects\\FOLIO\\Module federation\\module-fed-folio\\stripes-webpack\\webpack\\","sources":["utils.js"],"sourcesContent":["const isDevelopment = process.env.NODE_ENV === 'development';\r\nconst isProduction = process.env.NODE_ENV === 'production';\r\n\r\n// processExternals\r\n// Accepts a list of peerDeps in the shape of an object\r\n// with  { [packageName]: [version] }\r\n// this generates configuration for setting the peer dep as\r\n// an 'external' dependency for webpack, meaning it won't be bundled,\r\n// but will be expected to exist where the bundle is executed.\r\n// the different module types adjust the way webpack transforms the code when\r\n// an external module is encountered within a particular module.\r\nconst processExternals = (peerDeps) => {\r\n  return Object.keys(peerDeps).reduce((acc, name) => {\r\n    acc[name] = {\r\n      root: name,\r\n      commonjs2: name,\r\n      commonjs: name,\r\n      amd: name,\r\n      umd: name\r\n    };\r\n\r\n    return acc;\r\n  }, {});\r\n};\r\n\r\n// processShared\r\n// This function takes an object of shared dependencies in the shape of\r\n// { [packageName]: [version] } ex { '@folio/stripes': '^9.3.0' }\r\n// and applies additional options for the module federation configuration,\r\n// like setting the shared items as singletons, or using the 'eager' consumption\r\n// setting (chunks are included in the initial bundle whether than split out/lazy loaded)\r\nconst processShared = (shared, options = {}) => {\r\n  return Object.keys(shared).reduce((acc, name) => {\r\n    acc[name] = {\r\n      requiredVersion: shared[name],\r\n      ...options\r\n    };\r\n\r\n    return acc;\r\n  }, {});\r\n};\r\n\r\nmodule.exports = {\r\n  processExternals,\r\n  isDevelopment,\r\n  isProduction,\r\n  processShared,\r\n};\r\n"],"mappings":"AAAA,MAAMA,aAAa,GAAGC,OAAO,CAACC,GAAG,CAACC,QAAQ,KAAK,aAAa;AAC5D,MAAMC,YAAY,GAAGH,OAAO,CAACC,GAAG,CAACC,QAAQ,KAAK,YAAY;;AAE1D;AACA;AACA;AACA;AACA;AACA;AACA;AACA;AACA,MAAME,gBAAgB,GAAIC,QAAQ,IAAK;EACrC,OAAOC,MAAM,CAACC,IAAI,CAACF,QAAQ,CAAC,CAACG,MAAM,CAAC,CAACC,GAAG,EAAEC,IAAI,KAAK;IACjDD,GAAG,CAACC,IAAI,CAAC,GAAG;MACVC,IAAI,EAAED,IAAI;MACVE,SAAS,EAAEF,IAAI;MACfG,QAAQ,EAAEH,IAAI;MACdI,GAAG,EAAEJ,IAAI;MACTK,GAAG,EAAEL;IACP,CAAC;IAED,OAAOD,GAAG;EACZ,CAAC,EAAE,CAAC,CAAC,CAAC;AACR,CAAC;;AAED;AACA;AACA;AACA;AACA;AACA;AACA,MAAMO,aAAa,GAAGA,CAACC,MAAM,EAAEC,OAAO,GAAG,CAAC,CAAC,KAAK;EAC9C,OAAOZ,MAAM,CAACC,IAAI,CAACU,MAAM,CAAC,CAACT,MAAM,CAAC,CAACC,GAAG,EAAEC,IAAI,KAAK;IAC/CD,GAAG,CAACC,IAAI,CAAC,GAAG;MACVS,eAAe,EAAEF,MAAM,CAACP,IAAI,CAAC;MAC7B,GAAGQ;IACL,CAAC;IAED,OAAOT,GAAG;EACZ,CAAC,EAAE,CAAC,CAAC,CAAC;AACR,CAAC;AAEDW,MAAM,CAACC,OAAO,GAAG;EACfjB,gBAAgB;EAChBL,aAAa;EACbI,YAAY;EACZa;AACF,CAAC","ignoreList":[]},"_coverageSchema":"1a1c01bbd47fc00a2c39e90264f33305004495a9","hash":"db82ac106834c0a8bfe157c76b377eda2469f22b","contentHash":"000c91a6a59cfd15bf85f7f386ddd7ab3a98620ddc0e5e68ee5a629879597868"},"C:\\Projects\\FOLIO\\Module federation\\module-fed-folio\\stripes-webpack\\webpack\\module-paths.js":{"path":"C:\\Projects\\FOLIO\\Module federation\\module-fed-folio\\stripes-webpack\\webpack\\module-paths.js","statementMap":{"0":{"start":{"line":1,"column":13},"end":{"line":1,"column":28}},"1":{"start":{"line":2,"column":15},"end":{"line":2,"column":36}},"2":{"start":{"line":3,"column":26},"end":{"line":3,"column":58}},"3":{"start":{"line":5,"column":2},"end":{"line":9,"column":3}},"4":{"start":{"line":6,"column":4},"end":{"line":6,"column":48}},"5":{"start":{"line":8,"column":4},"end":{"line":8,"column":17}},"6":{"start":{"line":16,"column":26},"end":{"line":16,"column":85}},"7":{"start":{"line":17,"column":25},"end":{"line":17,"column":78}},"8":{"start":{"line":18,"column":21},"end":{"line":18,"column":75}},"9":{"start":{"line":19,"column":2},"end":{"line":27,"column":3}},"10":{"start":{"line":20,"column":4},"end":{"line":20,"column":28}},"11":{"start":{"line":21,"column":9},"end":{"line":27,"column":3}},"12":{"start":{"line":22,"column":4},"end":{"line":22,"column":27}},"13":{"start":{"line":23,"column":9},"end":{"line":27,"column":3}},"14":{"start":{"line":24,"column":4},"end":{"line":24,"column":23}},"15":{"start":{"line":26,"column":4},"end":{"line":26,"column":118}},"16":{"start":{"line":28,"column":2},"end":{"line":28,"column":15}},"17":{"start":{"line":33,"column":2},"end":{"line":33,"column":57}},"18":{"start":{"line":34,"column":18},"end":{"line":34,"column":23}},"19":{"start":{"line":35,"column":19},"end":{"line":50,"column":4}},"20":{"start":{"line":53,"column":2},"end":{"line":60,"column":3}},"21":{"start":{"line":54,"column":4},"end":{"line":59,"column":7}},"22":{"start":{"line":63,"column":2},"end":{"line":67,"column":3}},"23":{"start":{"line":64,"column":4},"end":{"line":66,"column":7}},"24":{"start":{"line":68,"column":2},"end":{"line":73,"column":3}},"25":{"start":{"line":68,"column":15},"end":{"line":68,"column":16}},"26":{"start":{"line":69,"column":4},"end":{"line":69,"column":69}},"27":{"start":{"line":70,"column":4},"end":{"line":72,"column":5}},"28":{"start":{"line":71,"column":6},"end":{"line":71,"column":12}},"29":{"start":{"line":74,"column":2},"end":{"line":76,"column":3}},"30":{"start":{"line":75,"column":4},"end":{"line":75,"column":35}},"31":{"start":{"line":77,"column":2},"end":{"line":77,"column":19}},"32":{"start":{"line":84,"column":26},"end":{"line":84,"column":92}},"33":{"start":{"line":88,"column":2},"end":{"line":97,"column":3}},"34":{"start":{"line":89,"column":22},"end":{"line":89,"column":74}},"35":{"start":{"line":90,"column":4},"end":{"line":96,"column":5}},"36":{"start":{"line":91,"column":26},"end":{"line":91,"column":44}},"37":{"start":{"line":93,"column":6},"end":{"line":95,"column":7}},"38":{"start":{"line":94,"column":8},"end":{"line":94,"column":25}},"39":{"start":{"line":98,"column":2},"end":{"line":98,"column":25}},"40":{"start":{"line":119,"column":22},"end":{"line":119,"column":46}},"41":{"start":{"line":120,"column":18},"end":{"line":120,"column":43}},"42":{"start":{"line":121,"column":2},"end":{"line":123,"column":3}},"43":{"start":{"line":122,"column":4},"end":{"line":122,"column":16}},"44":{"start":{"line":124,"column":22},"end":{"line":124,"column":41}},"45":{"start":{"line":125,"column":2},"end":{"line":128,"column":5}},"46":{"start":{"line":126,"column":28},"end":{"line":126,"column":54}},"47":{"start":{"line":127,"column":4},"end":{"line":127,"column":66}},"48":{"start":{"line":149,"column":2},"end":{"line":160,"column":32}},"49":{"start":{"line":150,"column":28},"end":{"line":150,"column":57}},"50":{"start":{"line":151,"column":4},"end":{"line":158,"column":5}},"51":{"start":{"line":152,"column":26},"end":{"line":152,"column":57}},"52":{"start":{"line":153,"column":30},"end":{"line":153,"column":66}},"53":{"start":{"line":154,"column":6},"end":{"line":156,"column":7}},"54":{"start":{"line":155,"column":8},"end":{"line":155,"column":45}},"55":{"start":{"line":157,"column":6},"end":{"line":157,"column":25}},"56":{"start":{"line":159,"column":4},"end":{"line":159,"column":16}},"57":{"start":{"line":160,"column":22},"end":{"line":160,"column":30}},"58":{"start":{"line":170,"column":26},"end":{"line":170,"column":65}},"59":{"start":{"line":171,"column":16},"end":{"line":171,"column":18}},"60":{"start":{"line":172,"column":2},"end":{"line":174,"column":3}},"61":{"start":{"line":173,"column":4},"end":{"line":173,"column":17}},"62":{"start":{"line":175,"column":22},"end":{"line":175,"column":46}},"63":{"start":{"line":176,"column":2},"end":{"line":178,"column":3}},"64":{"start":{"line":177,"column":4},"end":{"line":177,"column":17}},"65":{"start":{"line":179,"column":2},"end":{"line":186,"column":5}},"66":{"start":{"line":180,"column":4},"end":{"line":185,"column":5}},"67":{"start":{"line":181,"column":32},"end":{"line":181,"column":65}},"68":{"start":{"line":182,"column":6},"end":{"line":184,"column":7}},"69":{"start":{"line":183,"column":8},"end":{"line":183,"column":52}},"70":{"start":{"line":187,"column":2},"end":{"line":187,"column":15}},"71":{"start":{"line":190,"column":31},"end":{"line":190,"column":49}},"72":{"start":{"line":191,"column":2},"end":{"line":196,"column":5}},"73":{"start":{"line":192,"column":21},"end":{"line":192,"column":58}},"74":{"start":{"line":193,"column":4},"end":{"line":195,"column":5}},"75":{"start":{"line":194,"column":6},"end":{"line":194,"column":62}},"76":{"start":{"line":197,"column":2},"end":{"line":197,"column":44}},"77":{"start":{"line":200,"column":28},"end":{"line":200,"column":30}},"78":{"start":{"line":201,"column":2},"end":{"line":206,"column":5}},"79":{"start":{"line":202,"column":21},"end":{"line":202,"column":58}},"80":{"start":{"line":203,"column":4},"end":{"line":205,"column":5}},"81":{"start":{"line":204,"column":6},"end":{"line":204,"column":39}},"82":{"start":{"line":207,"column":2},"end":{"line":207,"column":27}},"83":{"start":{"line":210,"column":19},"end":{"line":210,"column":21}},"84":{"start":{"line":211,"column":2},"end":{"line":216,"column":5}},"85":{"start":{"line":212,"column":20},"end":{"line":212,"column":70}},"86":{"start":{"line":213,"column":4},"end":{"line":215,"column":5}},"87":{"start":{"line":214,"column":6},"end":{"line":214,"column":29}},"88":{"start":{"line":217,"column":2},"end":{"line":217,"column":18}},"89":{"start":{"line":220,"column":2},"end":{"line":220,"column":92}},"90":{"start":{"line":222,"column":0},"end":{"line":233,"column":2}}},"fnMap":{"0":{"name":"tryResolve","decl":{"start":{"line":4,"column":9},"end":{"line":4,"column":19}},"loc":{"start":{"line":4,"column":41},"end":{"line":10,"column":1}},"line":4},"1":{"name":"generateStripesAlias","decl":{"start":{"line":14,"column":9},"end":{"line":14,"column":29}},"loc":{"start":{"line":14,"column":42},"end":{"line":29,"column":1}},"line":14},"2":{"name":"locateStripesModule","decl":{"start":{"line":32,"column":9},"end":{"line":32,"column":28}},"loc":{"start":{"line":32,"column":70},"end":{"line":78,"column":1}},"line":32},"3":{"name":"locatePackageJsonPath","decl":{"start":{"line":83,"column":9},"end":{"line":83,"column":30}},"loc":{"start":{"line":83,"column":43},"end":{"line":99,"column":1}},"line":83},"4":{"name":"getStripesDepsPaths","decl":{"start":{"line":118,"column":9},"end":{"line":118,"column":28}},"loc":{"start":{"line":118,"column":46},"end":{"line":129,"column":1}},"line":118},"5":{"name":"(anonymous_5)","decl":{"start":{"line":125,"column":25},"end":{"line":125,"column":26}},"loc":{"start":{"line":125,"column":32},"end":{"line":128,"column":3}},"line":125},"6":{"name":"getModulesPaths","decl":{"start":{"line":148,"column":9},"end":{"line":148,"column":24}},"loc":{"start":{"line":148,"column":34},"end":{"line":161,"column":1}},"line":148},"7":{"name":"(anonymous_7)","decl":{"start":{"line":149,"column":38},"end":{"line":149,"column":39}},"loc":{"start":{"line":149,"column":48},"end":{"line":160,"column":3}},"line":149},"8":{"name":"(anonymous_8)","decl":{"start":{"line":160,"column":12},"end":{"line":160,"column":13}},"loc":{"start":{"line":160,"column":22},"end":{"line":160,"column":30}},"line":160},"9":{"name":"getStripesModulesPaths","decl":{"start":{"line":169,"column":9},"end":{"line":169,"column":31}},"loc":{"start":{"line":169,"column":34},"end":{"line":188,"column":1}},"line":169},"10":{"name":"(anonymous_10)","decl":{"start":{"line":179,"column":48},"end":{"line":179,"column":49}},"loc":{"start":{"line":179,"column":62},"end":{"line":186,"column":3}},"line":179},"11":{"name":"getNonTranspiledModules","decl":{"start":{"line":189,"column":9},"end":{"line":189,"column":32}},"loc":{"start":{"line":189,"column":42},"end":{"line":198,"column":1}},"line":189},"12":{"name":"(anonymous_12)","decl":{"start":{"line":191,"column":18},"end":{"line":191,"column":19}},"loc":{"start":{"line":191,"column":28},"end":{"line":196,"column":3}},"line":191},"13":{"name":"getTranspiledModules","decl":{"start":{"line":199,"column":9},"end":{"line":199,"column":29}},"loc":{"start":{"line":199,"column":39},"end":{"line":208,"column":1}},"line":199},"14":{"name":"(anonymous_14)","decl":{"start":{"line":201,"column":18},"end":{"line":201,"column":19}},"loc":{"start":{"line":201,"column":28},"end":{"line":206,"column":3}},"line":201},"15":{"name":"getTranspiledCssPaths","decl":{"start":{"line":209,"column":9},"end":{"line":209,"column":30}},"loc":{"start":{"line":209,"column":40},"end":{"line":218,"column":1}},"line":209},"16":{"name":"(anonymous_16)","decl":{"start":{"line":211,"column":18},"end":{"line":211,"column":19}},"loc":{"start":{"line":211,"column":28},"end":{"line":216,"column":3}},"line":211},"17":{"name":"getSharedStyles","decl":{"start":{"line":219,"column":9},"end":{"line":219,"column":24}},"loc":{"start":{"line":219,"column":35},"end":{"line":221,"column":1}},"line":219}},"branchMap":{"0":{"loc":{"start":{"line":19,"column":2},"end":{"line":27,"column":3}},"type":"if","locations":[{"start":{"line":19,"column":2},"end":{"line":27,"column":3}},{"start":{"line":21,"column":9},"end":{"line":27,"column":3}}],"line":19},"1":{"loc":{"start":{"line":21,"column":9},"end":{"line":27,"column":3}},"type":"if","locations":[{"start":{"line":21,"column":9},"end":{"line":27,"column":3}},{"start":{"line":23,"column":9},"end":{"line":27,"column":3}}],"line":21},"2":{"loc":{"start":{"line":23,"column":9},"end":{"line":27,"column":3}},"type":"if","locations":[{"start":{"line":23,"column":9},"end":{"line":27,"column":3}},{"start":{"line":25,"column":9},"end":{"line":27,"column":3}}],"line":23},"3":{"loc":{"start":{"line":53,"column":2},"end":{"line":60,"column":3}},"type":"if","locations":[{"start":{"line":53,"column":2},"end":{"line":60,"column":3}},{"start":{},"end":{}}],"line":53},"4":{"loc":{"start":{"line":63,"column":2},"end":{"line":67,"column":3}},"type":"if","locations":[{"start":{"line":63,"column":2},"end":{"line":67,"column":3}},{"start":{},"end":{}}],"line":63},"5":{"loc":{"start":{"line":63,"column":6},"end":{"line":63,"column":32}},"type":"binary-expr","locations":[{"start":{"line":63,"column":6},"end":{"line":63,"column":11}},{"start":{"line":63,"column":15},"end":{"line":63,"column":32}}],"line":63},"6":{"loc":{"start":{"line":70,"column":4},"end":{"line":72,"column":5}},"type":"if","locations":[{"start":{"line":70,"column":4},"end":{"line":72,"column":5}},{"start":{},"end":{}}],"line":70},"7":{"loc":{"start":{"line":74,"column":2},"end":{"line":76,"column":3}},"type":"if","locations":[{"start":{"line":74,"column":2},"end":{"line":76,"column":3}},{"start":{},"end":{}}],"line":74},"8":{"loc":{"start":{"line":88,"column":2},"end":{"line":97,"column":3}},"type":"if","locations":[{"start":{"line":88,"column":2},"end":{"line":97,"column":3}},{"start":{},"end":{}}],"line":88},"9":{"loc":{"start":{"line":90,"column":4},"end":{"line":96,"column":5}},"type":"if","locations":[{"start":{"line":90,"column":4},"end":{"line":96,"column":5}},{"start":{},"end":{}}],"line":90},"10":{"loc":{"start":{"line":93,"column":6},"end":{"line":95,"column":7}},"type":"if","locations":[{"start":{"line":93,"column":6},"end":{"line":95,"column":7}},{"start":{},"end":{}}],"line":93},"11":{"loc":{"start":{"line":120,"column":18},"end":{"line":120,"column":43}},"type":"binary-expr","locations":[{"start":{"line":120,"column":18},"end":{"line":120,"column":37}},{"start":{"line":120,"column":41},"end":{"line":120,"column":43}}],"line":120},"12":{"loc":{"start":{"line":121,"column":2},"end":{"line":123,"column":3}},"type":"if","locations":[{"start":{"line":121,"column":2},"end":{"line":123,"column":3}},{"start":{},"end":{}}],"line":121},"13":{"loc":{"start":{"line":127,"column":11},"end":{"line":127,"column":65}},"type":"cond-expr","locations":[{"start":{"line":127,"column":29},"end":{"line":127,"column":58}},{"start":{"line":127,"column":61},"end":{"line":127,"column":65}}],"line":127},"14":{"loc":{"start":{"line":151,"column":4},"end":{"line":158,"column":5}},"type":"if","locations":[{"start":{"line":151,"column":4},"end":{"line":158,"column":5}},{"start":{},"end":{}}],"line":151},"15":{"loc":{"start":{"line":154,"column":6},"end":{"line":156,"column":7}},"type":"if","locations":[{"start":{"line":154,"column":6},"end":{"line":156,"column":7}},{"start":{},"end":{}}],"line":154},"16":{"loc":{"start":{"line":172,"column":2},"end":{"line":174,"column":3}},"type":"if","locations":[{"start":{"line":172,"column":2},"end":{"line":174,"column":3}},{"start":{},"end":{}}],"line":172},"17":{"loc":{"start":{"line":176,"column":2},"end":{"line":178,"column":3}},"type":"if","locations":[{"start":{"line":176,"column":2},"end":{"line":178,"column":3}},{"start":{},"end":{}}],"line":176},"18":{"loc":{"start":{"line":180,"column":4},"end":{"line":185,"column":5}},"type":"if","locations":[{"start":{"line":180,"column":4},"end":{"line":185,"column":5}},{"start":{},"end":{}}],"line":180},"19":{"loc":{"start":{"line":182,"column":6},"end":{"line":184,"column":7}},"type":"if","locations":[{"start":{"line":182,"column":6},"end":{"line":184,"column":7}},{"start":{},"end":{}}],"line":182},"20":{"loc":{"start":{"line":193,"column":4},"end":{"line":195,"column":5}},"type":"if","locations":[{"start":{"line":193,"column":4},"end":{"line":195,"column":5}},{"start":{},"end":{}}],"line":193},"21":{"loc":{"start":{"line":203,"column":4},"end":{"line":205,"column":5}},"type":"if","locations":[{"start":{"line":203,"column":4},"end":{"line":205,"column":5}},{"start":{},"end":{}}],"line":203},"22":{"loc":{"start":{"line":213,"column":4},"end":{"line":215,"column":5}},"type":"if","locations":[{"start":{"line":213,"column":4},"end":{"line":215,"column":5}},{"start":{},"end":{}}],"line":213}},"s":{"0":1,"1":1,"2":1,"3":36,"4":36,"5":25,"6":0,"7":0,"8":0,"9":0,"10":0,"11":0,"12":0,"13":0,"14":0,"15":0,"16":0,"17":8,"18":8,"19":8,"20":8,"21":2,"22":8,"23":0,"24":8,"25":8,"26":18,"27":18,"28":8,"29":8,"30":8,"31":8,"32":0,"33":0,"34":0,"35":0,"36":0,"37":0,"38":0,"39":0,"40":0,"41":0,"42":0,"43":0,"44":0,"45":0,"46":0,"47":0,"48":0,"49":0,"50":0,"51":0,"52":0,"53":0,"54":0,"55":0,"56":0,"57":0,"58":0,"59":0,"60":0,"61":0,"62":0,"63":0,"64":0,"65":0,"66":0,"67":0,"68":0,"69":0,"70":0,"71":4,"72":4,"73":4,"74":4,"75":4,"76":4,"77":4,"78":4,"79":4,"80":4,"81":0,"82":4,"83":0,"84":0,"85":0,"86":0,"87":0,"88":0,"89":0,"90":1},"f":{"0":36,"1":0,"2":8,"3":0,"4":0,"5":0,"6":0,"7":0,"8":0,"9":0,"10":0,"11":4,"12":4,"13":4,"14":4,"15":0,"16":0,"17":0},"b":{"0":[0,0],"1":[0,0],"2":[0,0],"3":[2,6],"4":[0,8],"5":[8,8],"6":[8,10],"7":[8,0],"8":[0,0],"9":[0,0],"10":[0,0],"11":[0,0],"12":[0,0],"13":[0,0],"14":[0,0],"15":[0,0],"16":[0,0],"17":[0,0],"18":[0,0],"19":[0,0],"20":[4,0],"21":[0,4],"22":[0,0]},"inputSourceMap":{"version":3,"names":["path","require","logger","StripesBuildError","tryResolve","modulePath","options","resolve","e","generateStripesAlias","moduleName","alias","workspaceModule","join","platformModule","coreModule","__dirname","locateStripesModule","context","segments","log","foundPath","tryPaths","request","paths","startsWith","unshift","i","length","locatePackageJsonPath","packageJsonPath","process","cwd","localPath","packageJson","name","getStripesDepsPaths","stripes","stripesDeps","map","dep","dirname","getModulesPaths","modules","Object","keys","flatMap","module","modulePaths","stripesDepPaths","push","filter","getStripesModulesPaths","dependencies","forEach","match","stripesModulePath","getNonTranspiledModules","nonTranspiledModules","distPath","split","sep","pop","Set","getTranspiledModules","transpiledModules","getTranspiledCssPaths","cssPaths","cssPath","getSharedStyles","filename","exports"],"sourceRoot":"C:\\Projects\\FOLIO\\Module federation\\module-fed-folio\\stripes-webpack\\webpack\\","sources":["module-paths.js"],"sourcesContent":["const path = require('path');\r\nconst logger = require('./logger')();\r\nconst StripesBuildError = require('./stripes-build-error');\r\n\r\nfunction tryResolve(modulePath, options) {\r\n  try {\r\n    return require.resolve(modulePath, options);\r\n  } catch (e) {\r\n    return false;\r\n  }\r\n}\r\n\r\n// Generates a resolvable alias for a module with preference given to the\r\n// workspace's version followed by stripes-core's version followed by the platform's, if available\r\nfunction generateStripesAlias(moduleName) {\r\n  let alias;\r\n  const workspaceModule = path.join(path.resolve(), '..', 'node_modules', moduleName);\r\n  const platformModule = path.join(path.resolve(), 'node_modules', moduleName);\r\n  const coreModule = path.join(__dirname, '..', 'node_modules', moduleName);\r\n\r\n  if (tryResolve(workspaceModule)) {\r\n    alias = workspaceModule;\r\n  } else if (tryResolve(platformModule)) {\r\n    alias = platformModule;\r\n  } else if (tryResolve(coreModule)) {\r\n    alias = coreModule;\r\n  } else {\r\n    throw new StripesBuildError(`generateStripesAlias: Unable to locate a resolvable alias for ${moduleName} module`);\r\n  }\r\n  return alias;\r\n}\r\n\r\n// Common logic to locate a stripes module (pass 'package.json') or file within\r\nfunction locateStripesModule(context, moduleName, alias, ...segments) {\r\n  logger.log(`locating stripes module ${moduleName}...`);\r\n  let foundPath = false;\r\n\r\n  const tryPaths = [\r\n    {\r\n      // The place we normally expect to find this module\r\n      request: path.join(context, 'node_modules', moduleName, ...segments),\r\n    }, {\r\n      // The above resolution is overspecific and prevents some use cases eg. yarn workspaces\r\n      request: path.join(moduleName, ...segments),\r\n    }, {\r\n      // This better incorporates the context path but requires nodejs 9+\r\n      request: path.join(moduleName, ...segments),\r\n      options: { paths: [context] },\r\n    }, {\r\n      // Yarn workspaces fallback: Try node_modules of the parent directory\r\n      request: path.join(context, '..', 'node_modules', moduleName, ...segments),\r\n    },\r\n  ];\r\n\r\n  // If we are looking for any stripes-* modules, we should also check within the framework's node_modules\r\n  if (moduleName.startsWith('@folio/stripes')) {\r\n    tryPaths.unshift({\r\n      request: path.join(context, 'node_modules', '@folio', 'stripes', 'node_modules', moduleName, ...segments),\r\n    }, {\r\n      // Yarn workspace fallback\r\n      request: path.join(context, '..', 'node_modules', '@folio', 'stripes', 'node_modules', moduleName, ...segments),\r\n    });\r\n  }\r\n\r\n  // When available, try for the alias first\r\n  if (alias && alias[moduleName]) {\r\n    tryPaths.unshift({\r\n      request: path.join(alias[moduleName], ...segments),\r\n    });\r\n  }\r\n\r\n  for (let i = 0; i < tryPaths.length; i += 1) {\r\n    foundPath = tryResolve(tryPaths[i].request, tryPaths[i].options);\r\n    if (foundPath) {\r\n      break;\r\n    }\r\n  }\r\n  if (foundPath) {\r\n    logger.log('found', foundPath);\r\n  }\r\n  return foundPath;\r\n}\r\n\r\n/**\r\n * Returns a full path of package.json for a given module.\r\n */\r\nfunction locatePackageJsonPath(moduleName) {\r\n  const packageJsonPath = locateStripesModule(process.cwd(), moduleName, {}, 'package.json');\r\n\r\n  // Also check package.json in the current cwd dir.\r\n  // This handles a case when `stripes serve` is executed for a single ui module (within the module).\r\n  if (!packageJsonPath) {\r\n    const localPath = tryResolve(path.join(process.cwd(), 'package.json'));\r\n\r\n    if (localPath) {\r\n      const packageJson = require(localPath);\r\n      // make sure it's the same package name as depName\r\n      if (packageJson.name === moduleName) {\r\n        return localPath;\r\n      }\r\n    }\r\n  }\r\n\r\n  return packageJsonPath;\r\n}\r\n\r\n/**\r\n * Convert dependencies defined in \"stripes.stripesDeps\" in package.json\r\n * into their full path representation.\r\n *\r\n * For example dependencies defined as:\r\n *\r\n * \"stripesDeps\": [\r\n    \"@reshare/stripes-reshare\",\r\n  ],\r\n *\r\n * will be converted to:\r\n *\r\n * [\r\n *  './node_modules/@reshare/stripes-reshare'\r\n * ]\r\n *\r\n*/\r\nfunction getStripesDepsPaths(packageJsonPath) {\r\n  const packageJson = require(packageJsonPath);\r\n  const stripes = packageJson.stripes || {};\r\n\r\n  if (!stripes.stripesDeps) {\r\n    return null;\r\n  }\r\n\r\n  const stripesDeps = stripes.stripesDeps;\r\n\r\n  return stripesDeps.map(dep => {\r\n    const packageJsonPath = locatePackageJsonPath(dep);\r\n    return packageJsonPath ? path.dirname(packageJsonPath) : null;\r\n  });\r\n}\r\n\r\n/**\r\n * Convert modules defined in stripes config into their full path representation.\r\n * The conversion will happen for all modules found in stripes config.\r\n *\r\n * For example modules defined in stripes config:\r\n *\r\n * modules: { '@folio/users': {}, '@reshare/directory': {} }\r\n *\r\n * will be converted to:\r\n *\r\n * [\r\n *  './node_modules/@folio/users',\r\n *  './node_modules/@reshare/directory'\r\n * ]\r\n *\r\n *\r\n*/\r\nfunction getModulesPaths(modules) {\r\n  return Object\r\n    .keys(modules)\r\n    .flatMap(module => {\r\n      const packageJsonPath = locatePackageJsonPath(module);\r\n\r\n      if (packageJsonPath) {\r\n        const modulePaths = [path.dirname(packageJsonPath)];\r\n        const stripesDepPaths = getStripesDepsPaths(packageJsonPath);\r\n\r\n        if (stripesDepPaths) {\r\n          modulePaths.push(...stripesDepPaths);\r\n        }\r\n\r\n        return modulePaths\r\n      }\r\n\r\n      return null;\r\n    })\r\n    .filter(module => !!module);\r\n}\r\n\r\n/**\r\n * Return full paths for all stripes dependencies defined in:\r\n *\r\n * https://github.com/folio-org/stripes/blob/ab01ed9c8d60d020d76f5682406b3bf901c24e76/package.json#L20-L27\r\n *\r\n*/\r\nfunction getStripesModulesPaths() {\r\n  const packageJsonPath = locatePackageJsonPath('@folio/stripes');\r\n  const paths = [];\r\n\r\n  if (!packageJsonPath) {\r\n    return paths;\r\n  }\r\n\r\n  const packageJson = require(packageJsonPath);\r\n\r\n  if (!packageJson) {\r\n    return paths;\r\n  }\r\n\r\n  Object.keys(packageJson.dependencies).forEach(moduleName => {\r\n    if (moduleName.match('@folio')) {\r\n      const stripesModulePath = locatePackageJsonPath(moduleName);\r\n\r\n      if (stripesModulePath) {\r\n        paths.push(path.dirname(stripesModulePath));\r\n      }\r\n    }\r\n  });\r\n\r\n  return paths;\r\n}\r\n\r\nfunction getNonTranspiledModules(modules) {\r\n  const nonTranspiledModules = ['stripes-config'];\r\n\r\n  modules.forEach(module => {\r\n    const distPath = tryResolve(path.join(module, 'dist'));\r\n    if (!distPath) {\r\n      nonTranspiledModules.push(module.split(path.sep).pop());\r\n    }\r\n  });\r\n\r\n  return [...new Set(nonTranspiledModules)];\r\n}\r\n\r\nfunction getTranspiledModules(modules) {\r\n  const transpiledModules = [];\r\n\r\n  modules.forEach(module => {\r\n    const distPath = tryResolve(path.join(module, 'dist'));\r\n\r\n    if (distPath) {\r\n      transpiledModules.push(distPath);\r\n    }\r\n  });\r\n\r\n  return transpiledModules;\r\n}\r\n\r\nfunction getTranspiledCssPaths(modules) {\r\n  const cssPaths = [];\r\n\r\n  modules.forEach(module => {\r\n    const cssPath = tryResolve(path.join(module, 'dist', 'style.css'));\r\n\r\n    if (cssPath) {\r\n      cssPaths.push(cssPath);\r\n    }\r\n  });\r\n\r\n  return cssPaths;\r\n}\r\n\r\nfunction getSharedStyles(filename) {\r\n  return path.resolve(generateStripesAlias('@folio/stripes-components'), `${filename}.css`);\r\n}\r\n\r\nmodule.exports = {\r\n  tryResolve,\r\n  generateStripesAlias,\r\n  getSharedStyles,\r\n  locateStripesModule,\r\n  getModulesPaths,\r\n  getStripesModulesPaths,\r\n  getNonTranspiledModules,\r\n  getTranspiledModules,\r\n  getTranspiledCssPaths,\r\n  locatePackageJsonPath,\r\n};\r\n"],"mappings":"AAAA,MAAMA,IAAI,GAAGC,OAAO,CAAC,MAAM,CAAC;AAC5B,MAAMC,MAAM,GAAGD,OAAO,CAAC,UAAU,CAAC,CAAC,CAAC;AACpC,MAAME,iBAAiB,GAAGF,OAAO,CAAC,uBAAuB,CAAC;AAE1D,SAASG,UAAUA,CAACC,UAAU,EAAEC,OAAO,EAAE;EACvC,IAAI;IACF,OAAOL,OAAO,CAACM,OAAO,CAACF,UAAU,EAAEC,OAAO,CAAC;EAC7C,CAAC,CAAC,OAAOE,CAAC,EAAE;IACV,OAAO,KAAK;EACd;AACF;;AAEA;AACA;AACA,SAASC,oBAAoBA,CAACC,UAAU,EAAE;EACxC,IAAIC,KAAK;EACT,MAAMC,eAAe,GAAGZ,IAAI,CAACa,IAAI,CAACb,IAAI,CAACO,OAAO,CAAC,CAAC,EAAE,IAAI,EAAE,cAAc,EAAEG,UAAU,CAAC;EACnF,MAAMI,cAAc,GAAGd,IAAI,CAACa,IAAI,CAACb,IAAI,CAACO,OAAO,CAAC,CAAC,EAAE,cAAc,EAAEG,UAAU,CAAC;EAC5E,MAAMK,UAAU,GAAGf,IAAI,CAACa,IAAI,CAACG,SAAS,EAAE,IAAI,EAAE,cAAc,EAAEN,UAAU,CAAC;EAEzE,IAAIN,UAAU,CAACQ,eAAe,CAAC,EAAE;IAC/BD,KAAK,GAAGC,eAAe;EACzB,CAAC,MAAM,IAAIR,UAAU,CAACU,cAAc,CAAC,EAAE;IACrCH,KAAK,GAAGG,cAAc;EACxB,CAAC,MAAM,IAAIV,UAAU,CAACW,UAAU,CAAC,EAAE;IACjCJ,KAAK,GAAGI,UAAU;EACpB,CAAC,MAAM;IACL,MAAM,IAAIZ,iBAAiB,CAAC,iEAAiEO,UAAU,SAAS,CAAC;EACnH;EACA,OAAOC,KAAK;AACd;;AAEA;AACA,SAASM,mBAAmBA,CAACC,OAAO,EAAER,UAAU,EAAEC,KAAK,EAAE,GAAGQ,QAAQ,EAAE;EACpEjB,MAAM,CAACkB,GAAG,CAAC,2BAA2BV,UAAU,KAAK,CAAC;EACtD,IAAIW,SAAS,GAAG,KAAK;EAErB,MAAMC,QAAQ,GAAG,CACf;IACE;IACAC,OAAO,EAAEvB,IAAI,CAACa,IAAI,CAACK,OAAO,EAAE,cAAc,EAAER,UAAU,EAAE,GAAGS,QAAQ;EACrE,CAAC,EAAE;IACD;IACAI,OAAO,EAAEvB,IAAI,CAACa,IAAI,CAACH,UAAU,EAAE,GAAGS,QAAQ;EAC5C,CAAC,EAAE;IACD;IACAI,OAAO,EAAEvB,IAAI,CAACa,IAAI,CAACH,UAAU,EAAE,GAAGS,QAAQ,CAAC;IAC3Cb,OAAO,EAAE;MAAEkB,KAAK,EAAE,CAACN,OAAO;IAAE;EAC9B,CAAC,EAAE;IACD;IACAK,OAAO,EAAEvB,IAAI,CAACa,IAAI,CAACK,OAAO,EAAE,IAAI,EAAE,cAAc,EAAER,UAAU,EAAE,GAAGS,QAAQ;EAC3E,CAAC,CACF;;EAED;EACA,IAAIT,UAAU,CAACe,UAAU,CAAC,gBAAgB,CAAC,EAAE;IAC3CH,QAAQ,CAACI,OAAO,CAAC;MACfH,OAAO,EAAEvB,IAAI,CAACa,IAAI,CAACK,OAAO,EAAE,cAAc,EAAE,QAAQ,EAAE,SAAS,EAAE,cAAc,EAAER,UAAU,EAAE,GAAGS,QAAQ;IAC1G,CAAC,EAAE;MACD;MACAI,OAAO,EAAEvB,IAAI,CAACa,IAAI,CAACK,OAAO,EAAE,IAAI,EAAE,cAAc,EAAE,QAAQ,EAAE,SAAS,EAAE,cAAc,EAAER,UAAU,EAAE,GAAGS,QAAQ;IAChH,CAAC,CAAC;EACJ;;EAEA;EACA,IAAIR,KAAK,IAAIA,KAAK,CAACD,UAAU,CAAC,EAAE;IAC9BY,QAAQ,CAACI,OAAO,CAAC;MACfH,OAAO,EAAEvB,IAAI,CAACa,IAAI,CAACF,KAAK,CAACD,UAAU,CAAC,EAAE,GAAGS,QAAQ;IACnD,CAAC,CAAC;EACJ;EAEA,KAAK,IAAIQ,CAAC,GAAG,CAAC,EAAEA,CAAC,GAAGL,QAAQ,CAACM,MAAM,EAAED,CAAC,IAAI,CAAC,EAAE;IAC3CN,SAAS,GAAGjB,UAAU,CAACkB,QAAQ,CAACK,CAAC,CAAC,CAACJ,OAAO,EAAED,QAAQ,CAACK,CAAC,CAAC,CAACrB,OAAO,CAAC;IAChE,IAAIe,SAAS,EAAE;MACb;IACF;EACF;EACA,IAAIA,SAAS,EAAE;IACbnB,MAAM,CAACkB,GAAG,CAAC,OAAO,EAAEC,SAAS,CAAC;EAChC;EACA,OAAOA,SAAS;AAClB;;AAEA;AACA;AACA;AACA,SAASQ,qBAAqBA,CAACnB,UAAU,EAAE;EACzC,MAAMoB,eAAe,GAAGb,mBAAmB,CAACc,OAAO,CAACC,GAAG,CAAC,CAAC,EAAEtB,UAAU,EAAE,CAAC,CAAC,EAAE,cAAc,CAAC;;EAE1F;EACA;EACA,IAAI,CAACoB,eAAe,EAAE;IACpB,MAAMG,SAAS,GAAG7B,UAAU,CAACJ,IAAI,CAACa,IAAI,CAACkB,OAAO,CAACC,GAAG,CAAC,CAAC,EAAE,cAAc,CAAC,CAAC;IAEtE,IAAIC,SAAS,EAAE;MACb,MAAMC,WAAW,GAAGjC,OAAO,CAACgC,SAAS,CAAC;MACtC;MACA,IAAIC,WAAW,CAACC,IAAI,KAAKzB,UAAU,EAAE;QACnC,OAAOuB,SAAS;MAClB;IACF;EACF;EAEA,OAAOH,eAAe;AACxB;;AAEA;AACA;AACA;AACA;AACA;AACA;AACA;AACA;AACA;AACA;AACA;AACA;AACA;AACA;AACA;AACA;AACA;AACA,SAASM,mBAAmBA,CAACN,eAAe,EAAE;EAC5C,MAAMI,WAAW,GAAGjC,OAAO,CAAC6B,eAAe,CAAC;EAC5C,MAAMO,OAAO,GAAGH,WAAW,CAACG,OAAO,IAAI,CAAC,CAAC;EAEzC,IAAI,CAACA,OAAO,CAACC,WAAW,EAAE;IACxB,OAAO,IAAI;EACb;EAEA,MAAMA,WAAW,GAAGD,OAAO,CAACC,WAAW;EAEvC,OAAOA,WAAW,CAACC,GAAG,CAACC,GAAG,IAAI;IAC5B,MAAMV,eAAe,GAAGD,qBAAqB,CAACW,GAAG,CAAC;IAClD,OAAOV,eAAe,GAAG9B,IAAI,CAACyC,OAAO,CAACX,eAAe,CAAC,GAAG,IAAI;EAC/D,CAAC,CAAC;AACJ;;AAEA;AACA;AACA;AACA;AACA;AACA;AACA;AACA;AACA;AACA;AACA;AACA;AACA;AACA;AACA;AACA;AACA;AACA,SAASY,eAAeA,CAACC,OAAO,EAAE;EAChC,OAAOC,MAAM,CACVC,IAAI,CAACF,OAAO,CAAC,CACbG,OAAO,CAACC,MAAM,IAAI;IACjB,MAAMjB,eAAe,GAAGD,qBAAqB,CAACkB,MAAM,CAAC;IAErD,IAAIjB,eAAe,EAAE;MACnB,MAAMkB,WAAW,GAAG,CAAChD,IAAI,CAACyC,OAAO,CAACX,eAAe,CAAC,CAAC;MACnD,MAAMmB,eAAe,GAAGb,mBAAmB,CAACN,eAAe,CAAC;MAE5D,IAAImB,eAAe,EAAE;QACnBD,WAAW,CAACE,IAAI,CAAC,GAAGD,eAAe,CAAC;MACtC;MAEA,OAAOD,WAAW;IACpB;IAEA,OAAO,IAAI;EACb,CAAC,CAAC,CACDG,MAAM,CAACJ,MAAM,IAAI,CAAC,CAACA,MAAM,CAAC;AAC/B;;AAEA;AACA;AACA;AACA;AACA;AACA;AACA,SAASK,sBAAsBA,CAAA,EAAG;EAChC,MAAMtB,eAAe,GAAGD,qBAAqB,CAAC,gBAAgB,CAAC;EAC/D,MAAML,KAAK,GAAG,EAAE;EAEhB,IAAI,CAACM,eAAe,EAAE;IACpB,OAAON,KAAK;EACd;EAEA,MAAMU,WAAW,GAAGjC,OAAO,CAAC6B,eAAe,CAAC;EAE5C,IAAI,CAACI,WAAW,EAAE;IAChB,OAAOV,KAAK;EACd;EAEAoB,MAAM,CAACC,IAAI,CAACX,WAAW,CAACmB,YAAY,CAAC,CAACC,OAAO,CAAC5C,UAAU,IAAI;IAC1D,IAAIA,UAAU,CAAC6C,KAAK,CAAC,QAAQ,CAAC,EAAE;MAC9B,MAAMC,iBAAiB,GAAG3B,qBAAqB,CAACnB,UAAU,CAAC;MAE3D,IAAI8C,iBAAiB,EAAE;QACrBhC,KAAK,CAAC0B,IAAI,CAAClD,IAAI,CAACyC,OAAO,CAACe,iBAAiB,CAAC,CAAC;MAC7C;IACF;EACF,CAAC,CAAC;EAEF,OAAOhC,KAAK;AACd;AAEA,SAASiC,uBAAuBA,CAACd,OAAO,EAAE;EACxC,MAAMe,oBAAoB,GAAG,CAAC,gBAAgB,CAAC;EAE/Cf,OAAO,CAACW,OAAO,CAACP,MAAM,IAAI;IACxB,MAAMY,QAAQ,GAAGvD,UAAU,CAACJ,IAAI,CAACa,IAAI,CAACkC,MAAM,EAAE,MAAM,CAAC,CAAC;IACtD,IAAI,CAACY,QAAQ,EAAE;MACbD,oBAAoB,CAACR,IAAI,CAACH,MAAM,CAACa,KAAK,CAAC5D,IAAI,CAAC6D,GAAG,CAAC,CAACC,GAAG,CAAC,CAAC,CAAC;IACzD;EACF,CAAC,CAAC;EAEF,OAAO,CAAC,GAAG,IAAIC,GAAG,CAACL,oBAAoB,CAAC,CAAC;AAC3C;AAEA,SAASM,oBAAoBA,CAACrB,OAAO,EAAE;EACrC,MAAMsB,iBAAiB,GAAG,EAAE;EAE5BtB,OAAO,CAACW,OAAO,CAACP,MAAM,IAAI;IACxB,MAAMY,QAAQ,GAAGvD,UAAU,CAACJ,IAAI,CAACa,IAAI,CAACkC,MAAM,EAAE,MAAM,CAAC,CAAC;IAEtD,IAAIY,QAAQ,EAAE;MACZM,iBAAiB,CAACf,IAAI,CAACS,QAAQ,CAAC;IAClC;EACF,CAAC,CAAC;EAEF,OAAOM,iBAAiB;AAC1B;AAEA,SAASC,qBAAqBA,CAACvB,OAAO,EAAE;EACtC,MAAMwB,QAAQ,GAAG,EAAE;EAEnBxB,OAAO,CAACW,OAAO,CAACP,MAAM,IAAI;IACxB,MAAMqB,OAAO,GAAGhE,UAAU,CAACJ,IAAI,CAACa,IAAI,CAACkC,MAAM,EAAE,MAAM,EAAE,WAAW,CAAC,CAAC;IAElE,IAAIqB,OAAO,EAAE;MACXD,QAAQ,CAACjB,IAAI,CAACkB,OAAO,CAAC;IACxB;EACF,CAAC,CAAC;EAEF,OAAOD,QAAQ;AACjB;AAEA,SAASE,eAAeA,CAACC,QAAQ,EAAE;EACjC,OAAOtE,IAAI,CAACO,OAAO,CAACE,oBAAoB,CAAC,2BAA2B,CAAC,EAAE,GAAG6D,QAAQ,MAAM,CAAC;AAC3F;AAEAvB,MAAM,CAACwB,OAAO,GAAG;EACfnE,UAAU;EACVK,oBAAoB;EACpB4D,eAAe;EACfpD,mBAAmB;EACnByB,eAAe;EACfU,sBAAsB;EACtBK,uBAAuB;EACvBO,oBAAoB;EACpBE,qBAAqB;EACrBrC;AACF,CAAC","ignoreList":[]},"_coverageSchema":"1a1c01bbd47fc00a2c39e90264f33305004495a9","hash":"386c72642be9807874efa1172b23a51f3b1c0119","contentHash":"826d5a46fb1fccf103aeb95d41c220657b2f071d00ea0dbd003d597e2da6e747"},"C:\\Projects\\FOLIO\\Module federation\\module-fed-folio\\stripes-webpack\\webpack\\logger.js":{"path":"C:\\Projects\\FOLIO\\Module federation\\module-fed-folio\\stripes-webpack\\webpack\\logger.js","statementMap":{"0":{"start":{"line":1,"column":14},"end":{"line":1,"column":30}},"1":{"start":{"line":4,"column":0},"end":{"line":10,"column":2}},"2":{"start":{"line":5,"column":20},"end":{"line":5,"column":66}},"3":{"start":{"line":6,"column":17},"end":{"line":6,"column":33}},"4":{"start":{"line":7,"column":2},"end":{"line":9,"column":4}},"5":{"start":{"line":8,"column":22},"end":{"line":8,"column":37}}},"fnMap":{"0":{"name":"getLogger","decl":{"start":{"line":4,"column":26},"end":{"line":4,"column":35}},"loc":{"start":{"line":4,"column":42},"end":{"line":10,"column":1}},"line":4},"1":{"name":"(anonymous_1)","decl":{"start":{"line":8,"column":9},"end":{"line":8,"column":10}},"loc":{"start":{"line":8,"column":22},"end":{"line":8,"column":37}},"line":8}},"branchMap":{"0":{"loc":{"start":{"line":5,"column":20},"end":{"line":5,"column":66}},"type":"cond-expr","locations":[{"start":{"line":5,"column":27},"end":{"line":5,"column":49}},{"start":{"line":5,"column":52},"end":{"line":5,"column":66}}],"line":5}},"s":{"0":1,"1":1,"2":12,"3":12,"4":12,"5":373},"f":{"0":12,"1":373},"b":{"0":[6,6]},"inputSourceMap":{"version":3,"names":["debug","require","module","exports","getLogger","name","namespace","logger","log","args"],"sourceRoot":"C:\\Projects\\FOLIO\\Module federation\\module-fed-folio\\stripes-webpack\\webpack\\","sources":["logger.js"],"sourcesContent":["const debug = require('debug');\r\n\r\n// Wrapper for debug to ensure consistent use of namespace\r\nmodule.exports = function getLogger(name) {\r\n  const namespace = name ? `stripes-core:${name}` : 'stripes-core';\r\n  const logger = debug(namespace);\r\n\r\n  return {\r\n    log: (...args) => logger(...args),\r\n  };\r\n};\r\n"],"mappings":"AAAA,MAAMA,KAAK,GAAGC,OAAO,CAAC,OAAO,CAAC;;AAE9B;AACAC,MAAM,CAACC,OAAO,GAAG,SAASC,SAASA,CAACC,IAAI,EAAE;EACxC,MAAMC,SAAS,GAAGD,IAAI,GAAG,gBAAgBA,IAAI,EAAE,GAAG,cAAc;EAChE,MAAME,MAAM,GAAGP,KAAK,CAACM,SAAS,CAAC;EAE/B,OAAO;IACLE,GAAG,EAAEA,CAAC,GAAGC,IAAI,KAAKF,MAAM,CAAC,GAAGE,IAAI;EAClC,CAAC;AACH,CAAC","ignoreList":[]},"_coverageSchema":"1a1c01bbd47fc00a2c39e90264f33305004495a9","hash":"5b17f545605c0bccf9f0d743af5f6d284158ff18","contentHash":"4d145ee1bf4eb1ee964f117b2f51c045e11d33d7ef7730b0b39e6068eb2fdcd6"},"C:\\Projects\\FOLIO\\Module federation\\module-fed-folio\\stripes-webpack\\webpack\\stripes-build-error.js":{"path":"C:\\Projects\\FOLIO\\Module federation\\module-fed-folio\\stripes-webpack\\webpack\\stripes-build-error.js","statementMap":{"0":{"start":{"line":1,"column":0},"end":{"line":7,"column":2}},"1":{"start":{"line":3,"column":4},"end":{"line":3,"column":19}},"2":{"start":{"line":4,"column":4},"end":{"line":4,"column":38}},"3":{"start":{"line":5,"column":4},"end":{"line":5,"column":53}}},"fnMap":{"0":{"name":"(anonymous_0)","decl":{"start":{"line":2,"column":2},"end":{"line":2,"column":3}},"loc":{"start":{"line":2,"column":23},"end":{"line":6,"column":3}},"line":2}},"branchMap":{},"s":{"0":1,"1":5,"2":5,"3":5},"f":{"0":5},"b":{},"inputSourceMap":{"version":3,"names":["module","exports","StripesBuildError","Error","constructor","args","name","captureStackTrace"],"sourceRoot":"C:\\Projects\\FOLIO\\Module federation\\module-fed-folio\\stripes-webpack\\webpack\\","sources":["stripes-build-error.js"],"sourcesContent":["module.exports = class StripesBuildError extends Error {\r\n  constructor(...args) {\r\n    super(...args);\r\n    this.name = this.constructor.name;\r\n    Error.captureStackTrace(this, StripesBuildError);\r\n  }\r\n};\r\n"],"mappings":"AAAAA,MAAM,CAACC,OAAO,GAAG,MAAMC,iBAAiB,SAASC,KAAK,CAAC;EACrDC,WAAWA,CAAC,GAAGC,IAAI,EAAE;IACnB,KAAK,CAAC,GAAGA,IAAI,CAAC;IACd,IAAI,CAACC,IAAI,GAAG,IAAI,CAACF,WAAW,CAACE,IAAI;IACjCH,KAAK,CAACI,iBAAiB,CAAC,IAAI,EAAEL,iBAAiB,CAAC;EAClD;AACF,CAAC","ignoreList":[]},"_coverageSchema":"1a1c01bbd47fc00a2c39e90264f33305004495a9","hash":"354caa615aab7a2511e67111fea5fdc0ac6a1864","contentHash":"f4071a3f1c34655f2a06c2f8aad43ddbdee17fd3fb70234bb183d3690908c13a"},"C:\\Projects\\FOLIO\\Module federation\\module-fed-folio\\stripes-webpack\\consts.js":{"path":"C:\\Projects\\FOLIO\\Module federation\\module-fed-folio\\stripes-webpack\\consts.js","statementMap":{"0":{"start":{"line":12,"column":19},"end":{"line":27,"column":1}},"1":{"start":{"line":33,"column":29},"end":{"line":60,"column":1}},"2":{"start":{"line":34,"column":27},"end":{"line":34,"column":29}},"3":{"start":{"line":35,"column":24},"end":{"line":49,"column":3}},"4":{"start":{"line":36,"column":22},"end":{"line":36,"column":71}},"5":{"start":{"line":37,"column":31},"end":{"line":37,"column":48}},"6":{"start":{"line":38,"column":4},"end":{"line":38,"column":73}},"7":{"start":{"line":39,"column":4},"end":{"line":44,"column":7}},"8":{"start":{"line":40,"column":25},"end":{"line":40,"column":56}},"9":{"start":{"line":41,"column":6},"end":{"line":43,"column":7}},"10":{"start":{"line":42,"column":8},"end":{"line":42,"column":45}},"11":{"start":{"line":45,"column":4},"end":{"line":48,"column":6}},"12":{"start":{"line":52,"column":2},"end":{"line":57,"column":3}},"13":{"start":{"line":53,"column":4},"end":{"line":53,"column":58}},"14":{"start":{"line":55,"column":4},"end":{"line":55,"column":25}},"15":{"start":{"line":56,"column":4},"end":{"line":56,"column":99}},"16":{"start":{"line":58,"column":2},"end":{"line":58,"column":25}},"17":{"start":{"line":59,"column":2},"end":{"line":59,"column":28}},"18":{"start":{"line":61,"column":28},"end":{"line":61,"column":60}},"19":{"start":{"line":62,"column":33},"end":{"line":62,"column":69}},"20":{"start":{"line":63,"column":0},"end":{"line":68,"column":2}}},"fnMap":{"0":{"name":"(anonymous_0)","decl":{"start":{"line":33,"column":29},"end":{"line":33,"column":30}},"loc":{"start":{"line":33,"column":35},"end":{"line":60,"column":1}},"line":33},"1":{"name":"(anonymous_1)","decl":{"start":{"line":35,"column":24},"end":{"line":35,"column":25}},"loc":{"start":{"line":35,"column":35},"end":{"line":49,"column":3}},"line":35},"2":{"name":"(anonymous_2)","decl":{"start":{"line":39,"column":36},"end":{"line":39,"column":37}},"loc":{"start":{"line":39,"column":43},"end":{"line":44,"column":5}},"line":39}},"branchMap":{"0":{"loc":{"start":{"line":36,"column":22},"end":{"line":36,"column":71}},"type":"cond-expr","locations":[{"start":{"line":36,"column":37},"end":{"line":36,"column":61}},{"start":{"line":36,"column":64},"end":{"line":36,"column":71}}],"line":36},"1":{"loc":{"start":{"line":41,"column":6},"end":{"line":43,"column":7}},"type":"if","locations":[{"start":{"line":41,"column":6},"end":{"line":43,"column":7}},{"start":{},"end":{}}],"line":41}},"s":{"0":1,"1":1,"2":0,"3":0,"4":0,"5":0,"6":0,"7":0,"8":0,"9":0,"10":0,"11":0,"12":0,"13":0,"14":0,"15":0,"16":0,"17":0,"18":1,"19":1,"20":1},"f":{"0":0,"1":0,"2":0},"b":{"0":[0,0],"1":[0,0]},"inputSourceMap":{"version":3,"names":["singletons","getHostAppSingletons","platformSingletons","handlePkgData","corePkg","pkgObject","data","JSON","parse","stripesCoreVersion","version","Object","keys","forEach","dep","depVersion","peerDependencies","require","e","Error","defaultDiscoveryUrl","HOST_RUNTIME_PLUGIN_NAME","module","exports"],"sourceRoot":"C:\\Projects\\FOLIO\\Module federation\\module-fed-folio\\stripes-webpack\\","sources":["consts.js"],"sourcesContent":["// Anything that we want *the platform to provide to modules should be here.\r\n// If an item is not in this list, modules will each load their own version of it.\r\n// This can be problematic for React Context if multiple copies of the same context are loaded.\r\n\r\n// This list is best thought of as 'aliases' vs package-names. Whether or not the host\r\n// app provides the dependency depends on exactly *how the remote app imports it.\r\n// ex:\r\n//    ✓ import { Route } from 'react-router'   // covered by this list\r\n//    ✗ import Route from 'react-router/route' // not covered\r\n// deep imports should be marked with their offending app for future pruning of this list.\r\n// ui-modules should not have deep imports unless they absolutely have to.\r\nconst singletons = {\r\n  '@folio/stripes-components': '^13.1.0',\r\n  '@folio/stripes-connect': '^10.0.1',\r\n  '@folio/stripes-core': '^11.1.0',\r\n  \"moment\": \"^2.29.0\",\r\n  'react': '~18.3',\r\n  'react-dom': '~18.3',\r\n  'react-intl': '^7.1.14',\r\n  'react-query': '^3.39.3',\r\n  'react-redux': '^8.1',\r\n  'react-router': '^5.2.0',\r\n  'react-router-dom': '^5.2.0',\r\n  'redux-observable': '^1.2.0',\r\n  'rxjs': '^6.6.3',\r\n  'rxjs/operators': '^6.6.3', // for eholdings usage\r\n};\r\n\r\n/**\r\n * getHostAppSingletons\r\n * get singletons from stripes-core package.json on Github.\r\n */\r\nconst getHostAppSingletons = () => {\r\n  let platformSingletons = {};\r\n\r\n  const handlePkgData = (corePkg) => {\r\n    const pkgObject = corePkg.data ? JSON.parse(corePkg.data) : corePkg;\r\n    const stripesCoreVersion = pkgObject.version;\r\n    platformSingletons['@folio/stripes-core'] = `~${stripesCoreVersion}`;\r\n    Object.keys(singletons).forEach(dep => {\r\n      const depVersion = pkgObject.peerDependencies[dep];\r\n      if (depVersion) {\r\n        platformSingletons[dep] = depVersion;\r\n      }\r\n    });\r\n    platformSingletons = { ...platformSingletons, ...singletons };\r\n  }\r\n\r\n  let corePkg;\r\n  // try to get the locally installed stripes-core\r\n  try {\r\n    corePkg = require('@folio/stripes-core/package.json');\r\n  } catch (e) {\r\n    corePkg = singletons;\r\n    throw new Error('Error retrieving singletons list from platform. Falling back to static list');\r\n  }\r\n\r\n  handlePkgData(corePkg);\r\n  return platformSingletons;\r\n}\r\n\r\nconst defaultDiscoveryUrl = 'http://localhost:3001/registry';\r\n\r\nconst HOST_RUNTIME_PLUGIN_NAME = 'stripes-injected-mf-runtime-plugin';\r\n\r\nmodule.exports = {\r\n  defaultDiscoveryUrl,\r\n  singletons,\r\n  getHostAppSingletons,\r\n  HOST_RUNTIME_PLUGIN_NAME,\r\n};\r\n"],"mappings":"AAAA;AACA;AACA;;AAEA;AACA;AACA;AACA;AACA;AACA;AACA;AACA,MAAMA,UAAU,GAAG;EACjB,2BAA2B,EAAE,SAAS;EACtC,wBAAwB,EAAE,SAAS;EACnC,qBAAqB,EAAE,SAAS;EAChC,QAAQ,EAAE,SAAS;EACnB,OAAO,EAAE,OAAO;EAChB,WAAW,EAAE,OAAO;EACpB,YAAY,EAAE,SAAS;EACvB,aAAa,EAAE,SAAS;EACxB,aAAa,EAAE,MAAM;EACrB,cAAc,EAAE,QAAQ;EACxB,kBAAkB,EAAE,QAAQ;EAC5B,kBAAkB,EAAE,QAAQ;EAC5B,MAAM,EAAE,QAAQ;EAChB,gBAAgB,EAAE,QAAQ,CAAE;AAC9B,CAAC;;AAED;AACA;AACA;AACA;AACA,MAAMC,oBAAoB,GAAGA,CAAA,KAAM;EACjC,IAAIC,kBAAkB,GAAG,CAAC,CAAC;EAE3B,MAAMC,aAAa,GAAIC,OAAO,IAAK;IACjC,MAAMC,SAAS,GAAGD,OAAO,CAACE,IAAI,GAAGC,IAAI,CAACC,KAAK,CAACJ,OAAO,CAACE,IAAI,CAAC,GAAGF,OAAO;IACnE,MAAMK,kBAAkB,GAAGJ,SAAS,CAACK,OAAO;IAC5CR,kBAAkB,CAAC,qBAAqB,CAAC,GAAG,IAAIO,kBAAkB,EAAE;IACpEE,MAAM,CAACC,IAAI,CAACZ,UAAU,CAAC,CAACa,OAAO,CAACC,GAAG,IAAI;MACrC,MAAMC,UAAU,GAAGV,SAAS,CAACW,gBAAgB,CAACF,GAAG,CAAC;MAClD,IAAIC,UAAU,EAAE;QACdb,kBAAkB,CAACY,GAAG,CAAC,GAAGC,UAAU;MACtC;IACF,CAAC,CAAC;IACFb,kBAAkB,GAAG;MAAE,GAAGA,kBAAkB;MAAE,GAAGF;IAAW,CAAC;EAC/D,CAAC;EAED,IAAII,OAAO;EACX;EACA,IAAI;IACFA,OAAO,GAAGa,OAAO,CAAC,kCAAkC,CAAC;EACvD,CAAC,CAAC,OAAOC,CAAC,EAAE;IACVd,OAAO,GAAGJ,UAAU;IACpB,MAAM,IAAImB,KAAK,CAAC,6EAA6E,CAAC;EAChG;EAEAhB,aAAa,CAACC,OAAO,CAAC;EACtB,OAAOF,kBAAkB;AAC3B,CAAC;AAED,MAAMkB,mBAAmB,GAAG,gCAAgC;AAE5D,MAAMC,wBAAwB,GAAG,oCAAoC;AAErEC,MAAM,CAACC,OAAO,GAAG;EACfH,mBAAmB;EACnBpB,UAAU;EACVC,oBAAoB;EACpBoB;AACF,CAAC","ignoreList":[]},"_coverageSchema":"1a1c01bbd47fc00a2c39e90264f33305004495a9","hash":"fc56a678a124b66a6de7ef282c15fd4e97127994","contentHash":"efc214befdd6f3370e70149a37ac5bf8471700fbd281ddb2c6b8dd9d25be8c2f"},"C:\\Projects\\FOLIO\\Module federation\\module-fed-folio\\stripes-webpack\\webpack\\stripes-injected-mf-runtime-plugin.js":{"path":"C:\\Projects\\FOLIO\\Module federation\\module-fed-folio\\stripes-webpack\\webpack\\stripes-injected-mf-runtime-plugin.js","statementMap":{"0":{"start":{"line":4,"column":39},"end":{"line":45,"column":2}},"1":{"start":{"line":4,"column":46},"end":{"line":45,"column":1}},"2":{"start":{"line":9,"column":4},"end":{"line":11,"column":5}},"3":{"start":{"line":10,"column":6},"end":{"line":10,"column":44}},"4":{"start":{"line":15,"column":25},"end":{"line":15,"column":56}},"5":{"start":{"line":16,"column":4},"end":{"line":18,"column":5}},"6":{"start":{"line":17,"column":6},"end":{"line":17,"column":18}},"7":{"start":{"line":23,"column":8},"end":{"line":23,"column":12}},"8":{"start":{"line":26,"column":23},"end":{"line":26,"column":62}},"9":{"start":{"line":27,"column":4},"end":{"line":29,"column":5}},"10":{"start":{"line":28,"column":6},"end":{"line":28,"column":18}},"11":{"start":{"line":30,"column":22},"end":{"line":30,"column":40}},"12":{"start":{"line":33,"column":4},"end":{"line":42,"column":5}},"13":{"start":{"line":34,"column":6},"end":{"line":41,"column":7}},"14":{"start":{"line":34,"column":58},"end":{"line":34,"column":110}},"15":{"start":{"line":35,"column":8},"end":{"line":40,"column":11}},"16":{"start":{"line":43,"column":4},"end":{"line":43,"column":16}}},"fnMap":{"0":{"name":"(anonymous_0)","decl":{"start":{"line":4,"column":39},"end":{"line":4,"column":40}},"loc":{"start":{"line":4,"column":46},"end":{"line":45,"column":1}},"line":4},"1":{"name":"(anonymous_1)","decl":{"start":{"line":8,"column":2},"end":{"line":8,"column":3}},"loc":{"start":{"line":8,"column":30},"end":{"line":44,"column":3}},"line":8},"2":{"name":"(anonymous_2)","decl":{"start":{"line":34,"column":53},"end":{"line":34,"column":54}},"loc":{"start":{"line":34,"column":58},"end":{"line":34,"column":110}},"line":34}},"branchMap":{"0":{"loc":{"start":{"line":9,"column":4},"end":{"line":11,"column":5}},"type":"if","locations":[{"start":{"line":9,"column":4},"end":{"line":11,"column":5}},{"start":{},"end":{}}],"line":9},"1":{"loc":{"start":{"line":16,"column":4},"end":{"line":18,"column":5}},"type":"if","locations":[{"start":{"line":16,"column":4},"end":{"line":18,"column":5}},{"start":{},"end":{}}],"line":16},"2":{"loc":{"start":{"line":27,"column":4},"end":{"line":29,"column":5}},"type":"if","locations":[{"start":{"line":27,"column":4},"end":{"line":29,"column":5}},{"start":{},"end":{}}],"line":27},"3":{"loc":{"start":{"line":33,"column":4},"end":{"line":42,"column":5}},"type":"if","locations":[{"start":{"line":33,"column":4},"end":{"line":42,"column":5}},{"start":{},"end":{}}],"line":33},"4":{"loc":{"start":{"line":34,"column":6},"end":{"line":41,"column":7}},"type":"if","locations":[{"start":{"line":34,"column":6},"end":{"line":41,"column":7}},{"start":{},"end":{}}],"line":34},"5":{"loc":{"start":{"line":34,"column":58},"end":{"line":34,"column":110}},"type":"binary-expr","locations":[{"start":{"line":34,"column":58},"end":{"line":34,"column":79}},{"start":{"line":34,"column":83},"end":{"line":34,"column":110}}],"line":34}},"s":{"0":1,"1":6,"2":5,"3":4,"4":5,"5":5,"6":2,"7":3,"8":3,"9":3,"10":0,"11":3,"12":3,"13":3,"14":1,"15":3,"16":3},"f":{"0":6,"1":5,"2":1},"b":{"0":[4,1],"1":[2,3],"2":[0,3],"3":[3,0],"4":[3,0],"5":[1,0]},"inputSourceMap":{"version":3,"names":["HOST_RUNTIME_PLUGIN_NAME","StripesInjectedMFRuntimePlugin","name","beforeLoadShare","args","globalThis","__DEBUG_MISSED_DEPS__","hostInstance","__FEDERATION__","__INSTANCES__","origin","shareInfo","pkgName","hostShared","options","shared","hostVersion","version","shareConfig","requiredVersion","findIndex","s","remoteApp","push"],"sourceRoot":"C:\\Projects\\FOLIO\\Module federation\\module-fed-folio\\stripes-webpack\\webpack\\","sources":["stripes-injected-mf-runtime-plugin.js"],"sourcesContent":["// This file can be used to attach lifecycle hooks to the module federation runtime logic.\r\n// See https://module-federation.io/guide/runtime/runtime-hooks.html for possible entries.\r\nimport { HOST_RUNTIME_PLUGIN_NAME } from '../consts.js';\r\n\r\nconst StripesInjectedMFRuntimePlugin = () => ({\r\n  name: HOST_RUNTIME_PLUGIN_NAME,\r\n  // collect requests for shares that are different versions from the host app's provided versions for debugging purposes.\r\n  // accessible in the console via the __DEBUG_MISSED_DEPS__ global variable.\r\n  async beforeLoadShare(args) {\r\n    if (!globalThis.__DEBUG_MISSED_DEPS__) {\r\n      globalThis.__DEBUG_MISSED_DEPS__ = [];\r\n    }\r\n\r\n    // Only proceed if there is a host modfed instance, meaning modfed has initialized.\r\n    // these can be viewed in the console with the __FEDERATION__.__INSTANCES__ global variable.\r\n    const hostInstance = __FEDERATION__.__INSTANCES__[0];\r\n    if (!hostInstance) {\r\n      return args;\r\n    }\r\n\r\n    const { origin, shareInfo, pkgName } = args;\r\n\r\n    // Only proceed if the host app provides a shared module of the same name.\r\n    const hostShared = hostInstance.options.shared[pkgName][0];\r\n\r\n    if (!hostShared) {\r\n      return args;\r\n    }\r\n\r\n    let hostVersion = hostShared.version;\r\n\r\n    // If the remote requires a different version of the shared module fom the host, add it to the __DEBUG_MISSED_DEPS__ global variable for debugging purposes.\r\n    if (shareInfo.shareConfig.requiredVersion !== hostVersion) {\r\n      if (globalThis.__DEBUG_MISSED_DEPS__.findIndex(s => s.pkgName === pkgName && s.remoteApp === origin.name) === -1) {\r\n        globalThis.__DEBUG_MISSED_DEPS__.push({ pkgName, hostVersion: hostVersion, remoteApp: origin.name, ...shareInfo });\r\n      }\r\n    }\r\n\r\n    return args;\r\n  },\r\n});\r\n\r\nexport default StripesInjectedMFRuntimePlugin;\r\n"],"mappings":"AAAA;AACA;AACA,SAASA,wBAAwB,QAAQ,cAAc;AAEvD,MAAMC,8BAA8B,GAAGA,CAAA,MAAO;EAC5CC,IAAI,EAAEF,wBAAwB;EAC9B;EACA;EACA,MAAMG,eAAeA,CAACC,IAAI,EAAE;IAC1B,IAAI,CAACC,UAAU,CAACC,qBAAqB,EAAE;MACrCD,UAAU,CAACC,qBAAqB,GAAG,EAAE;IACvC;;IAEA;IACA;IACA,MAAMC,YAAY,GAAGC,cAAc,CAACC,aAAa,CAAC,CAAC,CAAC;IACpD,IAAI,CAACF,YAAY,EAAE;MACjB,OAAOH,IAAI;IACb;IAEA,MAAM;MAAEM,MAAM;MAAEC,SAAS;MAAEC;IAAQ,CAAC,GAAGR,IAAI;;IAE3C;IACA,MAAMS,UAAU,GAAGN,YAAY,CAACO,OAAO,CAACC,MAAM,CAACH,OAAO,CAAC,CAAC,CAAC,CAAC;IAE1D,IAAI,CAACC,UAAU,EAAE;MACf,OAAOT,IAAI;IACb;IAEA,IAAIY,WAAW,GAAGH,UAAU,CAACI,OAAO;;IAEpC;IACA,IAAIN,SAAS,CAACO,WAAW,CAACC,eAAe,KAAKH,WAAW,EAAE;MACzD,IAAIX,UAAU,CAACC,qBAAqB,CAACc,SAAS,CAACC,CAAC,IAAIA,CAAC,CAACT,OAAO,KAAKA,OAAO,IAAIS,CAAC,CAACC,SAAS,KAAKZ,MAAM,CAACR,IAAI,CAAC,KAAK,CAAC,CAAC,EAAE;QAChHG,UAAU,CAACC,qBAAqB,CAACiB,IAAI,CAAC;UAAEX,OAAO;UAAEI,WAAW,EAAEA,WAAW;UAAEM,SAAS,EAAEZ,MAAM,CAACR,IAAI;UAAE,GAAGS;QAAU,CAAC,CAAC;MACpH;IACF;IAEA,OAAOP,IAAI;EACb;AACF,CAAC,CAAC;AAEF,eAAeH,8BAA8B","ignoreList":[]},"_coverageSchema":"1a1c01bbd47fc00a2c39e90264f33305004495a9","hash":"d8670f51b716f249703dd51a1476a79827788b01","contentHash":"f82eb2422368f9d14609da8d9b2fb96dfe5ec4c568103de90cfe5b8ac554b7b2"},"C:\\Projects\\FOLIO\\Module federation\\module-fed-folio\\stripes-webpack\\webpack\\remote-runtime-plugin.js":{"path":"C:\\Projects\\FOLIO\\Module federation\\module-fed-folio\\stripes-webpack\\webpack\\remote-runtime-plugin.js","statementMap":{"0":{"start":{"line":8,"column":28},"end":{"line":28,"column":2}},"1":{"start":{"line":8,"column":35},"end":{"line":28,"column":1}},"2":{"start":{"line":12,"column":25},"end":{"line":12,"column":56}},"3":{"start":{"line":13,"column":4},"end":{"line":15,"column":5}},"4":{"start":{"line":14,"column":6},"end":{"line":14,"column":18}},"5":{"start":{"line":16,"column":31},"end":{"line":16,"column":116}},"6":{"start":{"line":16,"column":75},"end":{"line":16,"column":115}},"7":{"start":{"line":17,"column":4},"end":{"line":19,"column":5}},"8":{"start":{"line":18,"column":6},"end":{"line":18,"column":18}},"9":{"start":{"line":24,"column":8},"end":{"line":24,"column":12}},"10":{"start":{"line":25,"column":4},"end":{"line":25,"column":49}},"11":{"start":{"line":26,"column":4},"end":{"line":26,"column":16}}},"fnMap":{"0":{"name":"(anonymous_0)","decl":{"start":{"line":8,"column":28},"end":{"line":8,"column":29}},"loc":{"start":{"line":8,"column":35},"end":{"line":28,"column":1}},"line":8},"1":{"name":"(anonymous_1)","decl":{"start":{"line":10,"column":2},"end":{"line":10,"column":3}},"loc":{"start":{"line":10,"column":19},"end":{"line":27,"column":3}},"line":10},"2":{"name":"(anonymous_2)","decl":{"start":{"line":16,"column":65},"end":{"line":16,"column":66}},"loc":{"start":{"line":16,"column":75},"end":{"line":16,"column":115}},"line":16}},"branchMap":{"0":{"loc":{"start":{"line":13,"column":4},"end":{"line":15,"column":5}},"type":"if","locations":[{"start":{"line":13,"column":4},"end":{"line":15,"column":5}},{"start":{},"end":{}}],"line":13},"1":{"loc":{"start":{"line":17,"column":4},"end":{"line":19,"column":5}},"type":"if","locations":[{"start":{"line":17,"column":4},"end":{"line":19,"column":5}},{"start":{},"end":{}}],"line":17}},"s":{"0":1,"1":5,"2":5,"3":5,"4":1,"5":4,"6":4,"7":4,"8":1,"9":3,"10":3,"11":3},"f":{"0":5,"1":5,"2":4},"b":{"0":[1,4],"1":[1,3]},"inputSourceMap":{"version":3,"names":["HOST_RUNTIME_PLUGIN_NAME","RemoteRuntimePlugin","name","beforeInit","args","hostInstance","__FEDERATION__","__INSTANCES__","hostInjectedPlugin","options","plugins","find","plugin","origin","registerPlugins"],"sourceRoot":"C:\\Projects\\FOLIO\\Module federation\\module-fed-folio\\stripes-webpack\\webpack\\","sources":["remote-runtime-plugin.js"],"sourcesContent":["// Remote containers include runtime plugins from their own build configuration, but not those of the host.\r\n// In order for the remote's runtime plugins to be updated without a rebuild,\r\n// we need to apply the host's plugins to the remote's container.\r\n// This plugin sets a lifecycle method Before initialization of the remote's ModuleFederation instance\r\n// to pass the host's runtime plugins to the remote container.\r\n// The name of the plugin needs to match here, so we import it from a constant.\r\nimport { HOST_RUNTIME_PLUGIN_NAME } from \"../consts.js\";\r\n\r\nconst RemoteRuntimePlugin = () => ({\r\n  name: 'remote-runtime-plugin',\r\n  beforeInit(args) {\r\n\r\n    // get override plugin from host instance...\r\n    const hostInstance = __FEDERATION__.__INSTANCES__[0];\r\n    if (!hostInstance) {\r\n      return args;\r\n    }\r\n    const hostInjectedPlugin = hostInstance.options.plugins.find(plugin => plugin.name === HOST_RUNTIME_PLUGIN_NAME);\r\n    if (!hostInjectedPlugin) {\r\n      return args;\r\n    }\r\n\r\n    // injects it into new instance at runtime.\r\n    const { origin } = args;\r\n    origin.registerPlugins([hostInjectedPlugin]);\r\n\r\n    return args;\r\n  },\r\n});\r\n\r\nexport default RemoteRuntimePlugin;"],"mappings":"AAAA;AACA;AACA;AACA;AACA;AACA;AACA,SAASA,wBAAwB,QAAQ,cAAc;AAEvD,MAAMC,mBAAmB,GAAGA,CAAA,MAAO;EACjCC,IAAI,EAAE,uBAAuB;EAC7BC,UAAUA,CAACC,IAAI,EAAE;IAEf;IACA,MAAMC,YAAY,GAAGC,cAAc,CAACC,aAAa,CAAC,CAAC,CAAC;IACpD,IAAI,CAACF,YAAY,EAAE;MACjB,OAAOD,IAAI;IACb;IACA,MAAMI,kBAAkB,GAAGH,YAAY,CAACI,OAAO,CAACC,OAAO,CAACC,IAAI,CAACC,MAAM,IAAIA,MAAM,CAACV,IAAI,KAAKF,wBAAwB,CAAC;IAChH,IAAI,CAACQ,kBAAkB,EAAE;MACvB,OAAOJ,IAAI;IACb;;IAEA;IACA,MAAM;MAAES;IAAO,CAAC,GAAGT,IAAI;IACvBS,MAAM,CAACC,eAAe,CAAC,CAACN,kBAAkB,CAAC,CAAC;IAE5C,OAAOJ,IAAI;EACb;AACF,CAAC,CAAC;AAEF,eAAeH,mBAAmB","ignoreList":[]},"_coverageSchema":"1a1c01bbd47fc00a2c39e90264f33305004495a9","hash":"f847ec1ae17ebb19490fcfb705f3bcb204a264ff","contentHash":"9dee07f641cf910ded71f68656007baa30146acfdd11724aa0fdb75e74367080"},"C:\\Projects\\FOLIO\\Module federation\\module-fed-folio\\stripes-webpack\\default-assets\\branding.js":{"path":"C:\\Projects\\FOLIO\\Module federation\\module-fed-folio\\stripes-webpack\\default-assets\\branding.js","statementMap":{"0":{"start":{"line":4,"column":0},"end":{"line":12,"column":2}}},"fnMap":{},"branchMap":{},"s":{"0":1},"f":{},"b":{},"inputSourceMap":{"version":3,"names":["module","exports","logo","src","__dirname","alt","favicon"],"sourceRoot":"C:\\Projects\\FOLIO\\Module federation\\module-fed-folio\\stripes-webpack\\default-assets\\","sources":["branding.js"],"sourcesContent":["// These default branding values are used when no branding is present in stripes.config.js\r\n// Default src are prefixed with '@folio/stripes-core' so they can be imported\r\n// and processed through the webpack loaders from the stripes-core in use.\r\nmodule.exports = {\r\n  logo: {\r\n    src: `${__dirname}/folio-logo.svg`,\r\n    alt: 'FOLIO',\r\n  },\r\n  favicon: {\r\n    src: `${__dirname}/favicon.svg`,\r\n  },\r\n};\r\n"],"mappings":"AAAA;AACA;AACA;AACAA,MAAM,CAACC,OAAO,GAAG;EACfC,IAAI,EAAE;IACJC,GAAG,EAAE,GAAGC,SAAS,iBAAiB;IAClCC,GAAG,EAAE;EACP,CAAC;EACDC,OAAO,EAAE;IACPH,GAAG,EAAE,GAAGC,SAAS;EACnB;AACF,CAAC","ignoreList":[]},"_coverageSchema":"1a1c01bbd47fc00a2c39e90264f33305004495a9","hash":"e792306c7259923b71553ffa0c0cef1666017fc5","contentHash":"eb7ec97014292db67f5aef1956a03f72a45e40887fa2d006c208b0e391829e3b"},"C:\\Projects\\FOLIO\\Module federation\\module-fed-folio\\stripes-webpack\\webpack\\stripes-branding-plugin.js":{"path":"C:\\Projects\\FOLIO\\Module federation\\module-fed-folio\\stripes-webpack\\webpack\\stripes-branding-plugin.js","statementMap":{"0":{"start":{"line":4,"column":13},"end":{"line":4,"column":28}},"1":{"start":{"line":5,"column":30},"end":{"line":5,"column":64}},"2":{"start":{"line":6,"column":24},"end":{"line":6,"column":61}},"3":{"start":{"line":7,"column":15},"end":{"line":7,"column":59}},"4":{"start":{"line":8,"column":28},"end":{"line":8,"column":62}},"5":{"start":{"line":11,"column":29},"end":{"line":20,"column":1}},"6":{"start":{"line":23,"column":20},"end":{"line":32,"column":1}},"7":{"start":{"line":33,"column":0},"end":{"line":68,"column":2}},"8":{"start":{"line":35,"column":4},"end":{"line":35,"column":34}},"9":{"start":{"line":37,"column":27},"end":{"line":37,"column":90}},"10":{"start":{"line":38,"column":4},"end":{"line":38,"column":71}},"11":{"start":{"line":39,"column":4},"end":{"line":39,"column":64}},"12":{"start":{"line":43,"column":27},"end":{"line":43,"column":52}},"13":{"start":{"line":44,"column":4},"end":{"line":44,"column":62}},"14":{"start":{"line":47,"column":4},"end":{"line":50,"column":7}},"15":{"start":{"line":48,"column":6},"end":{"line":48,"column":38}},"16":{"start":{"line":49,"column":6},"end":{"line":49,"column":68}},"17":{"start":{"line":53,"column":27},"end":{"line":56,"column":5}},"18":{"start":{"line":57,"column":4},"end":{"line":57,"column":50}},"19":{"start":{"line":58,"colu
[...]
471463939bfe829cc0dbb9a7ffb397296a455ce0b657dc5ed2b1db715ca8"},"C:\\Projects\\FOLIO\\Module federation\\module-fed-folio\\stripes-webpack\\webpack\\stripes-duplicate-plugin.js":{"path":"C:\\Projects\\FOLIO\\Module federation\\module-fed-folio\\stripes-webpack\\webpack\\stripes-duplicate-plugin.js","statementMap":{"0":{"start":{"line":5,"column":38},"end":{"line":5,"column":97}},"1":{"start":{"line":8,"column":29},"end":{"line":8,"column":257}},"2":{"start":{"line":9,"column":0},"end":{"line":26,"column":2}},"3":{"start":{"line":11,"column":4},"end":{"line":11,"column":39}},"4":{"start":{"line":15,"column":4},"end":{"line":17,"column":5}},"5":{"start":{"line":16,"column":6},"end":{"line":16,"column":58}},"6":{"start":{"line":20,"column":4},"end":{"line":24,"column":23}},"7":{"start":{"line":21,"column":27},"end":{"line":21,"column":72}}},"fnMap":{"0":{"name":"(anonymous_0)","decl":{"start":{"line":10,"column":2},"end":{"line":10,"column":3}},"loc":{"start":{"line":10,"column":23},"end":{"line":12,"column":3}},"line":10},"1":{"name":"(anonymous_1)","decl":{"start":{"line":13,"column":2},"end":{"line":13,"column":3}},"loc":{"start":{"line":13,"column":18},"end":{"line":25,"column":3}},"line":13},"2":{"name":"(anonymous_2)","decl":{"start":{"line":21,"column":15},"end":{"line":21,"column":16}},"loc":{"start":{"line":21,"column":27},"end":{"line":21,"column":72}},"line":21}},"branchMap":{"0":{"loc":{"start":{"line":11,"column":18},"end":{"line":11,"column":38}},"type":"binary-expr","locations":[{"start":{"line":11,"column":18},"end":{"line":11,"column":32}},{"start":{"line":11,"column":36},"end":{"line":11,"column":38}}],"line":11},"1":{"loc":{"start":{"line":15,"column":4},"end":{"line":17,"column":5}},"type":"if","locations":[{"start":{"line":15,"column":4},"end":{"line":17,"column":5}},{"start":{},"end":{}}],"line":15}},"s":{"0":1,"1":1,"2":1,"3":5,"4":0,"5":0,"6":0,"7":0},"f":{"0":5,"1":0,"2":0},"b":{"0":[5,0],"1":[0,0]},"inputSourceMap":{"version":3,"names":["DuplicatePackageCheckerPlugin","require","duplicatesNotAllowed","module","exports","StripesDuplicatePlugin","constructor","options","config","apply","compiler","warnAboutAllDuplicatePackages","exclude","instance","includes","name","verbose","emitError"],"sourceRoot":"C:\\Projects\\FOLIO\\Module federation\\module-fed-folio\\stripes-webpack\\webpack\\","sources":["stripes-duplicate-plugin.js"],"sourcesContent":["// This wrapper around the duplicate-package-checker-webpack-plugin is configured to:\r\n//   Error on specific packages that we never want duplicates of, notably react\r\n//   Warn on any duplicates that are not yet explicitly ignored\r\n\r\nconst DuplicatePackageCheckerPlugin = require('@cerner/duplicate-package-checker-webpack-plugin');\r\n\r\n// Module names that must not have duplicates\r\nconst duplicatesNotAllowed = [\r\n  'react',\r\n  'react-dom',\r\n  'react-intl',\r\n  'react-router',\r\n  'react-router-dom',\r\n  'rxjs',\r\n  'stripes',\r\n  'stripes-core',\r\n  'stripes-ui',\r\n  'stripes-components',\r\n  'stripes-connect',\r\n  'stripes-final-form',\r\n  'stripes-form',\r\n  'stripes-smart-components',\r\n];\r\n\r\nmodule.exports = class StripesDuplicatePlugin {\r\n  constructor(options) {\r\n    this.config = options.config || {};\r\n  }\r\n\r\n  apply(compiler) {\r\n    // This will surface duplicates as warnings if configured to\r\n    if (this.config.warnAboutAllDuplicatePackages) {\r\n      new DuplicatePackageCheckerPlugin().apply(compiler);\r\n    }\r\n\r\n\r\n    // This will error when duplicates of specific modules are found\r\n    new DuplicatePackageCheckerPlugin({\r\n      exclude: instance => !duplicatesNotAllowed.includes(instance.name),\r\n      verbose: true,\r\n      emitError: true,\r\n    }).apply(compiler);\r\n  }\r\n};\r\n"],"mappings":"AAAA;AACA;AACA;;AAEA,MAAMA,6BAA6B,GAAGC,OAAO,CAAC,kDAAkD,CAAC;;AAEjG;AACA,MAAMC,oBAAoB,GAAG,CAC3B,OAAO,EACP,WAAW,EACX,YAAY,EACZ,cAAc,EACd,kBAAkB,EAClB,MAAM,EACN,SAAS,EACT,cAAc,EACd,YAAY,EACZ,oBAAoB,EACpB,iBAAiB,EACjB,oBAAoB,EACpB,cAAc,EACd,0BAA0B,CAC3B;AAEDC,MAAM,CAACC,OAAO,GAAG,MAAMC,sBAAsB,CAAC;EAC5CC,WAAWA,CAACC,OAAO,EAAE;IACnB,IAAI,CAACC,MAAM,GAAGD,OAAO,CAACC,MAAM,IAAI,CAAC,CAAC;EACpC;EAEAC,KAAKA,CAACC,QAAQ,EAAE;IACd;IACA,IAAI,IAAI,CAACF,MAAM,CAACG,6BAA6B,EAAE;MAC7C,IAAIX,6BAA6B,CAAC,CAAC,CAACS,KAAK,CAACC,QAAQ,CAAC;IACrD;;IAGA;IACA,IAAIV,6BAA6B,CAAC;MAChCY,OAAO,EAAEC,QAAQ,IAAI,CAACX,oBAAoB,CAACY,QAAQ,CAACD,QAAQ,CAACE,IAAI,CAAC;MAClEC,OAAO,EAAE,IAAI;MACbC,SAAS,EAAE;IACb,CAAC,CAAC,CAACR,KAAK,CAACC,QAAQ,CAAC;EACpB;AACF,CAAC","ignoreList":[]},"_coverageSchema":"1a1c01bbd47fc00a2c39e90264f33305004495a9","hash":"095daa52f22e342f3a4fd6b586fb23d252cf42d8","contentHash":"fd2ddfaa715d5f5602b477c23667302c2571433320c958a5b74b7f46069e2a5d"},"C:\\Projects\\FOLIO\\Module federation\\module-fed-folio\\stripes-webpack\\webpack\\federate.js":{"path":"C:\\Projects\\FOLIO\\Module federation\\module-fed-folio\\stripes-webpack\\webpack\\federate.js","statementMap":{"0":{"start":{"line":1,"column":13},"end":{"line":1,"column":28}},"1":{"start":{"line":2,"column":12},"end":{"line":2,"column":26}},"2":{"start":{"line":3,"column":16},"end":{"line":3,"column":34}},"3":{"start":{"line":4,"column":25},"end":{"line":4,"column":54}},"4":{"start":{"line":7,"column":4},"end":{"line":7,"column":21}},"5":{"start":{"line":8,"column":20},"end":{"line":8,"column":64}},"6":{"start":{"line":11,"column":4},"end":{"line":11,"column":29}},"7":{"start":{"line":12,"column":15},"end":{"line":12,"column":36}},"8":{"start":{"line":15,"column":4},"end":{"line":15,"column":24}},"9":{"start":{"line":19,"column":2},"end":{"line":28,"column":5}},"10":{"start":{"line":20,"column":19},"end":{"line":20,"column":37}},"11":{"start":{"line":21,"column":4},"end":{"line":24,"column":7}},"12":{"start":{"line":22,"column":6},"end":{"line":22,"column":21}},"13":{"start":{"line":23,"column":6},"end":{"line":23,"column":20}},"14":{"start":{"line":25,"column":4},"end":{"line":27,"column":7}},"15":{"start":{"line":26,"column":6},"end":{"line":26,"column":21}},"16":{"start":{"line":33,"column":13},"end":{"line":33,"column":22}},"17":{"start":{"line":34,"column":2},"end":{"line":36,"column":3}},"18":{"start":{"line":35,"column":4},"end":{"line":35,"column":11}},"19":{"start":{"line":37,"column":2},"end":{"line":37,"column":14}},"20":{"start":{"line":39,"column":0},"end":{"line":120,"column":2}},"21":{"start":{"line":40,"column":2},"end":{"line":40,"column":39}},"22":{"start":{"line":43,"column":6},"end":{"line":43,"column":25}},"23":{"start":{"line":44,"column":23},"end":{"line":44,"column":64}},"24":{"start":{"line":45,"column":26},"end":{"line":45,"column":78}},"25":{"start":{"line":46,"column":2},"end":{"line":49,"column":3}},"26":{"start":{"line":47,"column":4},"end":{"line":47,"column":44}},"27":{"start":{"line":48,"column":4},"end":{"line":48,"column":19}},"28":{"start":{"line":54,"column":15},"end":{"line":54,"column":57}},"29":{"start":{"line":55,"column":15},"end":{"line":55,"column":49}},"30":{"start":{"line":56,"column":14},"end":{"line":56,"column":46}},"31":{"start":{"line":63,"column":6},"end":{"line":63,"column":30}},"32":{"start":{"line":67,"column":6},"end":{"line":67,"column":13}},"33":{"start":{"line":68,"column":15},"end":{"line":68,"column":37}},"34":{"start":{"line":69,"column":19},"end":{"line":79,"column":3}},"35":{"start":{"line":80,"column":17},"end":{"line":80,"column":47}},"36":{"start":{"line":81,"column":2},"end":{"line":85,"column":3}},"37":{"start":{"line":83,"column":4},"end":{"line":83,"column":30}},"38":{"start":{"line":84,"column":4},"end":{"line":84,"column":11}},"39":{"start":{"line":86,"column":24},"end":{"line":88,"column":3}},"40":{"start":{"line":91,"column":2},"end":{"line":101,"column":3}},"41":{"start":{"line":92,"column":4},"end":{"line":96,"column":7}},"42":{"start":{"line":97,"column":4},"end":{"line":97,"column":77}},"43":{"start":{"line":99,"column":4},"end":{"line":99,"column":108}},"44":{"start":{"line":100,"column":4},"end":{"line":100,"column":19}},"45":{"start":{"line":102,"column":19},"end":{"line":102,"column":34}},"46":{"start":{"line":103,"column":17},"end":{"line":103,"column":65}},"47":{"start":{"line":104,"column":2},"end":{"line":104,"column":56}},"48":{"start":{"line":105,"column":2},"end":{"line":116,"column":5}},"49":{"start":{"line":106,"column":4},"end":{"line":114,"column":5}},"50":{"start":{"line":107,"column":6},"end":{"line":111,"column":9}},"51":{"start":{"line":113,"column":6},"end":{"line":113,"column":111}},"52":{"start":{"line":119,"column":2},"end":{"line":119,"column":24}}},"fnMap":{"0":{"name":"isPortFree","decl":{"start":{"line":18,"column":9},"end":{"line":18,"column":19}},"loc":{"start":{"line":18,"column":26},"end":{"line":29,"column":1}},"line":18},"1":{"name":"(anonymous_1)","decl":{"start":{"line":19,"column":21},"end":{"line":19,"column":22}},"loc":{"start":{"line":19,"column":32},"end":{"line":28,"column":3}},"line":19},"2":{"name":"(anonymous_2)","decl":{"start":{"line":21,"column":24},"end":{"line":21,"column":25}},"loc":{"start":{"line":21,"column":30},"end":{"line":24,"column":5}},"line":21},"3":{"name":"(anonymous_3)","decl":{"start":{"line":25,"column":23},"end":{"line":25,"column":24}},"loc":{"start":{"line":25,"column":29},"end":{"line":27,"column":5}},"line":25},"4":{"name":"findFreePort","decl":{"start":{"line":32,"column":15},"end":{"line":32,"column":27}},"loc":{"start":{"line":32,"column":39},"end":{"line":38,"column":1}},"line":32},"5":{"name":"federate","decl":{"start":{"line":39,"column":32},"end":{"line":39,"column":40}},"loc":{"start":{"line":39,"column":91},"end":{"line":120,"column":1}},"line":39},"6":{"name":"(anonymous_6)","decl":{"start":{"line":39,"column":81},"end":{"line":39,"column":82}},"loc":{"start":{"line":39,"column":87},"end":{"line":39,"column":89}},"line":39},"7":{"name":"(anonymous_7)","decl":{"start":{"line":105,"column":58},"end":{"line":105,"column":59}},"loc":{"start":{"line":105,"column":73},"end":{"line":116,"column":3}},"line":105}},"branchMap":{"0":{"loc":{"start":{"line":39,"column":56},"end":{"line":39,"column":68}},"type":"default-arg","locations":[{"start":{"line":39,"column":66},"end":{"line":39,"column":68}}],"line":39},"1":{"loc":{"start":{"line":39,"column":70},"end":{"line":39,"column":89}},"type":"default-arg","locations":[{"start":{"line":39,"column":81},"end":{"line":39,"column":89}}],"line":39},"2":{"loc":{"start":{"line":44,"column":23},"end":{"line":44,"column":64}},"type":"binary-expr","locations":[{"start":{"line":44,"column":23},"end":{"line":44,"column":41}},{"start":{"line":44,"column":45},"end":{"line":44,"column":64}}],"line":44},"3":{"loc":{"start":{"line":46,"column":2},"end":{"line":49,"column":3}},"type":"if","locations":[{"start":{"line":46,"column":2},"end":{"line":49,"column":3}},{"start":{},"end":{}}],"line":46},"4":{"loc":{"start":{"line":54,"column":15},"end":{"line":54,"column":57}},"type":"binary-expr","locations":[{"start":{"line":54,"column":15},"end":{"line":54,"column":27}},{"start":{"line":54,"column":32},"end":{"line":54,"column":56}}],"line":54},"5":{"loc":{"start":{"line":55,"column":15},"end":{"line":55,"column":49}},"type":"binary-expr","locations":[{"start":{"line":55,"column":15},"end":{"line":55,"column":27}},{"start":{"line":55,"column":31},"end":{"line":55,"column":49}}],"line":55},"6":{"loc":{"start":{"line":81,"column":2},"end":{"line":85,"column":3}},"type":"if","locations":[{"start":{"line":81,"column":2},"end":{"line":85,"column":3}},{"start":{},"end":{}}],"line":81}},"s":{"0":5,"1":5,"2":5,"3":5,"4":5,"5":5,"6":5,"7":5,"8":5,"9":2,"10":2,"11":2,"12":2,"13":2,"14":2,"15":0,"16":2,"17":2,"18":0,"19":2,"20":5,"21":5,"22":5,"23":5,"24":5,"25":5,"26":1,"27":1,"28":4,"29":4,"30":4,"31":4,"32":4,"33":4,"34":4,"35":4,"36":4,"37":0,"38":0,"39":4,"40":4,"41":4,"42":3,"43":1,"44":1,"45":4,"46":4,"47":4,"48":4,"49":1,"50":1,"51":0,"52":4},"f":{"0":2,"1":2,"2":2,"3":0,"4":2,"5":5,"6":0,"7":1},"b":{"0":[3],"1":[5],"2":[5,0],"3":[1,4],"4":[4,2],"5":[4,4],"6":[0,4]},"inputSourceMap":{"version":3,"names":["path","require","net","webpack","WebpackDevServer","snakeCase","buildConfig","tryResolve","logger","defaultDiscoveryUrl","isPortFree","port","Promise","resolve","server","createServer","listen","close","on","findFreePort","startPort","module","exports","federate","stripesConfig","options","callback","log","discoveryUrl","configDiscoveryUrl","okapi","packageJsonPath","join","process","cwd","console","error","exit","host","url","name","packageName","version","description","stripes","main","permissionSets","_","stripesRest","metadata","location","id","config","build","requestHeader","fetch","method","headers","body","JSON","stringify","err","compiler","devServer","hooks","shutdown","tapPromise","stats","Error","start"],"sourceRoot":"C:\\Projects\\FOLIO\\Module federation\\module-fed-folio\\stripes-webpack\\webpack\\","sources":["federate.js"],"sourcesContent":["const path = require('path');\r\nconst net = require('net');\r\nconst webpack = require('webpack');\r\nconst WebpackDevServer = require('webpack-dev-server');\r\nconst { snakeCase } = require('lodash');\r\n\r\nconst buildConfig = require('../webpack.config.federate.remote');\r\nconst { tryResolve } = require('./module-paths');\r\nconst logger = require('./logger')();\r\nconst { defaultDiscoveryUrl } = require('../consts');\r\n\r\n// Function to check if a port is free\r\nfunction isPortFree(port) {\r\n  return new Promise((resolve) => {\r\n    const server = net.createServer();\r\n    server.listen(port, () => {\r\n      server.close();\r\n      resolve(true);\r\n    });\r\n    server.on('error', () => {\r\n      resolve(false);\r\n    });\r\n  });\r\n}\r\n\r\n// Function to find the next free port starting from a given port\r\nasync function findFreePort(startPort) {\r\n  let port = startPort;\r\n  while (!(await isPortFree(port))) {\r\n    port++;\r\n  }\r\n  return port;\r\n}\r\n\r\nmodule.exports = async function federate(stripesConfig, options = {}, callback = () => { }) {\r\n  logger.log('starting federation...');\r\n  const { discoveryUrl: configDiscoveryUrl } = stripesConfig.okapi;\r\n  const discoveryUrl = configDiscoveryUrl || defaultDiscoveryUrl;\r\n\r\n  const packageJsonPath = tryResolve(path.join(process.cwd(), 'package.json'));\r\n\r\n  if (!packageJsonPath) {\r\n    console.error('package.json not found');\r\n    process.exit();\r\n  }\r\n\r\n  // These variables are for spinning up and serving a federated remote module locally.\r\n  // The values here are sent to the local discovery service to register the module\r\n  // and the port is passed through to webpack-dev-server to host the module in dev mode.\r\n  const port = options.port ?? await findFreePort(3002);\r\n  const host = options.host ?? 'http://localhost';\r\n  const url = `${host}:${port}/remoteEntry.js`;\r\n\r\n  const { name: packageName, version, description, stripes, main } = require(packageJsonPath);\r\n  const { permissionSets: _, ...stripesRest } = stripes;\r\n  const name = snakeCase(packageName);\r\n  const metadata = {\r\n    module: packageName,\r\n    version,\r\n    description,\r\n    port,\r\n    location: url,\r\n    name,\r\n    id: `${name}-${version}`,\r\n    main,\r\n    ...stripesRest,\r\n  };\r\n\r\n  const config = buildConfig(metadata, options);\r\n\r\n  if (options.build) { // build only\r\n    webpack(config, callback);\r\n    return;\r\n  }\r\n\r\n  const requestHeader = {\r\n    \"Content-Type\": \"application/json\",\r\n  };\r\n\r\n  // update registry\r\n  try {\r\n    await fetch(\r\n      discoveryUrl, {\r\n      method: 'POST',\r\n      headers: requestHeader,\r\n      body: JSON.stringify(metadata),\r\n    });\r\n    console.log(`Module registered with local discovery at ${discoveryUrl}`);\r\n  } catch (err) {\r\n    console.error(`Local discovery not found for module registration. Please check ${discoveryUrl}:${err}`);\r\n    process.exit();\r\n  }\r\n\r\n  const compiler = webpack(config);\r\n  const server = new WebpackDevServer(config.devServer, compiler);\r\n  console.log(`Starting remote server on port ${port}`);\r\n\r\n\r\n  compiler.hooks.shutdown.tapPromise('AsyncShutdownHook', async (stats) => {\r\n    try {\r\n      await fetch(discoveryUrl, {\r\n        method: 'DELETE',\r\n        headers: requestHeader,\r\n        body: JSON.stringify(metadata),\r\n      })\r\n    } catch (err) {\r\n      throw new Error(`Local discovery not found when removing module. Please check ${discoveryUrl} : ${err}`);\r\n    };\r\n  });\r\n\r\n  // serve command expects a promise...\r\n  return server.start();\r\n};\r\n"],"mappings":"AAAA,MAAMA,IAAI,GAAGC,OAAO,CAAC,MAAM,CAAC;AAC5B,MAAMC,GAAG,GAAGD,OAAO,CAAC,KAAK,CAAC;AAC1B,MAAME,OAAO,GAAGF,OAAO,CAAC,SAAS,CAAC;AAClC,MAAMG,gBAAgB,GAAGH,OAAO,CAAC,oBAAoB,CAAC;AACtD,MAAM;EAAEI;AAAU,CAAC,GAAGJ,OAAO,CAAC,QAAQ,CAAC;AAEvC,MAAMK,WAAW,GAAGL,OAAO,CAAC,mCAAmC,CAAC;AAChE,MAAM;EAAEM;AAAW,CAAC,GAAGN,OAAO,CAAC,gBAAgB,CAAC;AAChD,MAAMO,MAAM,GAAGP,OAAO,CAAC,UAAU,CAAC,CAAC,CAAC;AACpC,MAAM;EAAEQ;AAAoB,CAAC,GAAGR,OAAO,CAAC,WAAW,CAAC;;AAEpD;AACA,SAASS,UAAUA,CAACC,IAAI,EAAE;EACxB,OAAO,IAAIC,OAAO,CAAEC,OAAO,IAAK;IAC9B,MAAMC,MAAM,GAAGZ,GAAG,CAACa,YAAY,CAAC,CAAC;IACjCD,MAAM,CAACE,MAAM,CAACL,IAAI,EAAE,MAAM;MACxBG,MAAM,CAACG,KAAK,CAAC,CAAC;MACdJ,OAAO,CAAC,IAAI,CAAC;IACf,CAAC,CAAC;IACFC,MAAM,CAACI,EAAE,CAAC,OAAO,EAAE,MAAM;MACvBL,OAAO,CAAC,KAAK,CAAC;IAChB,CAAC,CAAC;EACJ,CAAC,CAAC;AACJ;;AAEA;AACA,eAAeM,YAAYA,CAACC,SAAS,EAAE;EACrC,IAAIT,IAAI,GAAGS,SAAS;EACpB,OAAO,EAAE,MAAMV,UAAU,CAACC,IAAI,CAAC,CAAC,EAAE;IAChCA,IAAI,EAAE;EACR;EACA,OAAOA,IAAI;AACb;AAEAU,MAAM,CAACC,OAAO,GAAG,eAAeC,QAAQA,CAACC,aAAa,EAAEC,OAAO,GAAG,CAAC,CAAC,EAAEC,QAAQ,GAAGA,CAAA,KAAM,CAAE,CAAC,EAAE;EAC1FlB,MAAM,CAACmB,GAAG,CAAC,wBAAwB,CAAC;EACpC,MAAM;IAAEC,YAAY,EAAEC;EAAmB,CAAC,GAAGL,aAAa,CAACM,KAAK;EAChE,MAAMF,YAAY,GAAGC,kBAAkB,IAAIpB,mBAAmB;EAE9D,MAAMsB,eAAe,GAAGxB,UAAU,CAACP,IAAI,CAACgC,IAAI,CAACC,OAAO,CAACC,GAAG,CAAC,CAAC,EAAE,cAAc,CAAC,CAAC;EAE5E,IAAI,CAACH,eAAe,EAAE;IACpBI,OAAO,CAACC,KAAK,CAAC,wBAAwB,CAAC;IACvCH,OAAO,CAACI,IAAI,CAAC,CAAC;EAChB;;EAEA;EACA;EACA;EACA,MAAM1B,IAAI,GAAGc,OAAO,CAACd,IAAI,KAAI,MAAMQ,YAAY,CAAC,IAAI,CAAC;EACrD,MAAMmB,IAAI,GAAGb,OAAO,CAACa,IAAI,IAAI,kBAAkB;EAC/C,MAAMC,GAAG,GAAG,GAAGD,IAAI,IAAI3B,IAAI,iBAAiB;EAE5C,MAAM;IAAE6B,IAAI,EAAEC,WAAW;IAAEC,OAAO;IAAEC,WAAW;IAAEC,OAAO;IAAEC;EAAK,CAAC,GAAG5C,OAAO,CAAC8B,eAAe,CAAC;EAC3F,MAAM;IAAEe,cAAc,EAAEC,CAAC;IAAE,GAAGC;EAAY,CAAC,GAAGJ,OAAO;EACrD,MAAMJ,IAAI,GAAGnC,SAAS,CAACoC,WAAW,CAAC;EACnC,MAAMQ,QAAQ,GAAG;IACf5B,MAAM,EAAEoB,WAAW;IACnBC,OAAO;IACPC,WAAW;IACXhC,IAAI;IACJuC,QAAQ,EAAEX,GAAG;IACbC,IAAI;IACJW,EAAE,EAAE,GAAGX,IAAI,IAAIE,OAAO,EAAE;IACxBG,IAAI;IACJ,GAAGG;EACL,CAAC;EAED,MAAMI,MAAM,GAAG9C,WAAW,CAAC2C,QAAQ,EAAExB,OAAO,CAAC;EAE7C,IAAIA,OAAO,CAAC4B,KAAK,EAAE;IAAE;IACnBlD,OAAO,CAACiD,MAAM,EAAE1B,QAAQ,CAAC;IACzB;EACF;EAEA,MAAM4B,aAAa,GAAG;IACpB,cAAc,EAAE;EAClB,CAAC;;EAED;EACA,IAAI;IACF,MAAMC,KAAK,CACT3B,YAAY,EAAE;MACd4B,MAAM,EAAE,MAAM;MACdC,OAAO,EAAEH,aAAa;MACtBI,IAAI,EAAEC,IAAI,CAACC,SAAS,CAACX,QAAQ;IAC/B,CAAC,CAAC;IACFd,OAAO,CAACR,GAAG,CAAC,6CAA6CC,YAAY,EAAE,CAAC;EAC1E,CAAC,CAAC,OAAOiC,GAAG,EAAE;IACZ1B,OAAO,CAACC,KAAK,CAAC,mEAAmER,YAAY,IAAIiC,GAAG,EAAE,CAAC;IACvG5B,OAAO,CAACI,IAAI,CAAC,CAAC;EAChB;EAEA,MAAMyB,QAAQ,GAAG3D,OAAO,CAACiD,MAAM,CAAC;EAChC,MAAMtC,MAAM,GAAG,IAAIV,gBAAgB,CAACgD,MAAM,CAACW,SAAS,EAAED,QAAQ,CAAC;EAC/D3B,OAAO,CAACR,GAAG,CAAC,kCAAkChB,IAAI,EAAE,CAAC;EAGrDmD,QAAQ,CAACE,KAAK,CAACC,QAAQ,CAACC,UAAU,CAAC,mBAAmB,EAAE,MAAOC,KAAK,IAAK;IACvE,IAAI;MACF,MAAMZ,KAAK,CAAC3B,YAAY,EAAE;QACxB4B,MAAM,EAAE,QAAQ;QAChBC,OAAO,EAAEH,aAAa;QACtBI,IAAI,EAAEC,IAAI,CAACC,SAAS,CAACX,QAAQ;MAC/B,CAAC,CAAC;IACJ,CAAC,CAAC,OAAOY,GAAG,EAAE;MACZ,MAAM,IAAIO,KAAK,CAAC,gEAAgExC,YAAY,MAAMiC,GAAG,EAAE,CAAC;IAC1G;IAAC;EACH,CAAC,CAAC;;EAEF;EACA,OAAO/C,MAAM,CAACuD,KAAK,CAAC,CAAC;AACvB,CAAC","ignoreList":[]},"_coverageSchema":"1a1c01bbd47fc00a2c39e90264f33305004495a9","hash":"e880f7f1699366ce537abafb255d6c0f8e231bad","contentHash":"f1cec8049dc1aacb19f2706630f255ecb67cf4c19b81ed0fd390e5777e29c283"}}